# JRE version: OpenJDK Runtime Environment (8.0_242-b01) (build 1.8.0_242-release-1644-b01)
# Java VM: OpenJDK 64-Bit Server VM (25.242-b01 mixed mode windows-amd64 compressed oops)
Heap:
 PSYoungGen      total 490496K, used 107926K [0x00000000e0000000, 0x0000000100000000, 0x0000000100000000)
  eden space 459776K, 18% used [0x00000000e0000000,0x00000000e5311fb8,0x00000000fc100000)
  from space 30720K, 74% used [0x00000000fe200000,0x00000000ff853ba8,0x0000000100000000)
  to   space 32256K, 0% used [0x00000000fc100000,0x00000000fc100000,0x00000000fe080000)
 ParOldGen       total 107520K, used 68167K [0x00000000a0000000, 0x00000000a6900000, 0x00000000e0000000)
  object space 107520K, 63% used [0x00000000a0000000,0x00000000a4291fe0,0x00000000a6900000)
 Metaspace       used 89964K, capacity 94216K, committed 94384K, reserved 1130496K
  class space    used 11854K, capacity 12671K, committed 12720K, reserved 1048576K
GC Heap History (10 events):
Event: 29.562 GC heap before
{Heap before GC invocations=13 (full 3):
 PSYoungGen      total 322048K, used 18782K [0x00000000e0000000, 0x00000000f5d00000, 0x0000000100000000)
  eden space 301056K, 0% used [0x00000000e0000000,0x00000000e0000000,0x00000000f2600000)
  from space 20992K, 89% used [0x00000000f3d00000,0x00000000f4f57ac0,0x00000000f5180000)
  to   space 23552K, 0% used [0x00000000f2600000,0x00000000f2600000,0x00000000f3d00000)
 ParOldGen       total 73216K, used 28524K [0x00000000a0000000, 0x00000000a4780000, 0x00000000e0000000)
  object space 73216K, 38% used [0x00000000a0000000,0x00000000a1bdb210,0x00000000a4780000)
 Metaspace       used 57026K, capacity 58966K, committed 59160K, reserved 1099776K
  class space    used 7806K, capacity 8236K, committed 8240K, reserved 1048576K
Event: 29.942 GC heap after
Heap after GC invocations=13 (full 3):
 PSYoungGen      total 322048K, used 0K [0x00000000e0000000, 0x00000000f5d00000, 0x0000000100000000)
  eden space 301056K, 0% used [0x00000000e0000000,0x00000000e0000000,0x00000000f2600000)
  from space 20992K, 0% used [0x00000000f3d00000,0x00000000f3d00000,0x00000000f5180000)
  to   space 23552K, 0% used [0x00000000f2600000,0x00000000f2600000,0x00000000f3d00000)
 ParOldGen       total 107520K, used 31327K [0x00000000a0000000, 0x00000000a6900000, 0x00000000e0000000)
  object space 107520K, 29% used [0x00000000a0000000,0x00000000a1e97f78,0x00000000a6900000)
 Metaspace       used 57026K, capacity 58966K, committed 59160K, reserved 1099776K
  class space    used 7806K, capacity 8236K, committed 8240K, reserved 1048576K
}
Event: 37.004 GC heap before
{Heap before GC invocations=14 (full 3):
 PSYoungGen      total 322048K, used 301056K [0x00000000e0000000, 0x00000000f5d00000, 0x0000000100000000)
  eden space 301056K, 100% used [0x00000000e0000000,0x00000000f2600000,0x00000000f2600000)
  from space 20992K, 0% used [0x00000000f3d00000,0x00000000f3d00000,0x00000000f5180000)
  to   space 23552K, 0% used [0x00000000f2600000,0x00000000f2600000,0x00000000f3d00000)
 ParOldGen       total 107520K, used 31327K [0x00000000a0000000, 0x00000000a6900000, 0x00000000e0000000)
  object space 107520K, 29% used [0x00000000a0000000,0x00000000a1e97f78,0x00000000a6900000)
 Metaspace       used 62618K, capacity 65386K, committed 65584K, reserved 1105920K
  class space    used 8591K, capacity 9160K, committed 9264K, reserved 1048576K
Event: 37.146 GC heap after
Heap after GC invocations=14 (full 3):
 PSYoungGen      total 324608K, used 23532K [0x00000000e0000000, 0x00000000fbe00000, 0x0000000100000000)
  eden space 301056K, 0% used [0x00000000e0000000,0x00000000e0000000,0x00000000f2600000)
  from space 23552K, 99% used [0x00000000f2600000,0x00000000f3cfb070,0x00000000f3d00000)
  to   space 29184K, 0% used [0x00000000fa180000,0x00000000fa180000,0x00000000fbe00000)
 ParOldGen       total 107520K, used 37835K [0x00000000a0000000, 0x00000000a6900000, 0x00000000e0000000)
  object space 107520K, 35% used [0x00000000a0000000,0x00000000a24f2e10,0x00000000a6900000)
 Metaspace       used 62618K, capacity 65386K, committed 65584K, reserved 1105920K
  class space    used 8591K, capacity 9160K, committed 9264K, reserved 1048576K
}
Event: 42.567 GC heap before
{Heap before GC invocations=15 (full 3):
 PSYoungGen      total 324608K, used 324588K [0x00000000e0000000, 0x00000000fbe00000, 0x0000000100000000)
  eden space 301056K, 100% used [0x00000000e0000000,0x00000000f2600000,0x00000000f2600000)
  from space 23552K, 99% used [0x00000000f2600000,0x00000000f3cfb070,0x00000000f3d00000)
  to   space 29184K, 0% used [0x00000000fa180000,0x00000000fa180000,0x00000000fbe00000)
 ParOldGen       total 107520K, used 37835K [0x00000000a0000000, 0x00000000a6900000, 0x00000000e0000000)
  object space 107520K, 35% used [0x00000000a0000000,0x00000000a24f2e10,0x00000000a6900000)
 Metaspace       used 69980K, capacity 72984K, committed 73008K, reserved 1112064K
  class space    used 9419K, capacity 10027K, committed 10032K, reserved 1048576K
Event: 42.634 GC heap after
Heap after GC invocations=15 (full 3):
 PSYoungGen      total 415232K, used 15170K [0x00000000e0000000, 0x00000000fb780000, 0x0000000100000000)
  eden space 392704K, 0% used [0x00000000e0000000,0x00000000e0000000,0x00000000f7f80000)
  from space 22528K, 67% used [0x00000000fa180000,0x00000000fb050af0,0x00000000fb780000)
  to   space 28672K, 0% used [0x00000000f7f80000,0x00000000f7f80000,0x00000000f9b80000)
 ParOldGen       total 107520K, used 59601K [0x00000000a0000000, 0x00000000a6900000, 0x00000000e0000000)
  object space 107520K, 55% used [0x00000000a0000000,0x00000000a3a344e8,0x00000000a6900000)
 Metaspace       used 69980K, capacity 72984K, committed 73008K, reserved 1112064K
  class space    used 9419K, capacity 10027K, committed 10032K, reserved 1048576K
}
Event: 274.891 GC heap before
{Heap before GC invocations=16 (full 3):
 PSYoungGen      total 415232K, used 407874K [0x00000000e0000000, 0x00000000fb780000, 0x0000000100000000)
  eden space 392704K, 100% used [0x00000000e0000000,0x00000000f7f80000,0x00000000f7f80000)
  from space 22528K, 67% used [0x00000000fa180000,0x00000000fb050af0,0x00000000fb780000)
  to   space 28672K, 0% used [0x00000000f7f80000,0x00000000f7f80000,0x00000000f9b80000)
 ParOldGen       total 107520K, used 59601K [0x00000000a0000000, 0x00000000a6900000, 0x00000000e0000000)
  object space 107520K, 55% used [0x00000000a0000000,0x00000000a3a344e8,0x00000000a6900000)
 Metaspace       used 88611K, capacity 92874K, committed 93104K, reserved 1130496K
  class space    used 11845K, capacity 12658K, committed 12720K, reserved 1048576K
Event: 274.988 GC heap after
Heap after GC invocations=16 (full 3):
 PSYoungGen      total 421376K, used 22731K [0x00000000e0000000, 0x0000000100000000, 0x0000000100000000)
  eden space 392704K, 0% used [0x00000000e0000000,0x00000000e0000000,0x00000000f7f80000)
  from space 28672K, 79% used [0x00000000f7f80000,0x00000000f95b2e28,0x00000000f9b80000)
  to   space 30720K, 0% used [0x00000000fe200000,0x00000000fe200000,0x0000000100000000)
 ParOldGen       total 107520K, used 68159K [0x00000000a0000000, 0x00000000a6900000, 0x00000000e0000000)
  object space 107520K, 63% used [0x00000000a0000000,0x00000000a428ffe0,0x00000000a6900000)
 Metaspace       used 88611K, capacity 92874K, committed 93104K, reserved 1130496K
  class space    used 11845K, capacity 12658K, committed 12720K, reserved 1048576K
}
Event: 280.900 GC heap before
{Heap before GC invocations=17 (full 3):
 PSYoungGen      total 421376K, used 415435K [0x00000000e0000000, 0x0000000100000000, 0x0000000100000000)
  eden space 392704K, 100% used [0x00000000e0000000,0x00000000f7f80000,0x00000000f7f80000)
  from space 28672K, 79% used [0x00000000f7f80000,0x00000000f95b2e28,0x00000000f9b80000)
  to   space 30720K, 0% used [0x00000000fe200000,0x00000000fe200000,0x0000000100000000)
 ParOldGen       total 107520K, used 68159K [0x00000000a0000000, 0x00000000a6900000, 0x00000000e0000000)
  object space 107520K, 63% used [0x00000000a0000000,0x00000000a428ffe0,0x00000000a6900000)
 Metaspace       used 89955K, capacity 94216K, committed 94384K, reserved 1130496K
  class space    used 11854K, capacity 12671K, committed 12720K, reserved 1048576K
Event: 280.949 GC heap after
Heap after GC invocations=17 (full 3):
 PSYoungGen      total 490496K, used 22862K [0x00000000e0000000, 0x0000000100000000, 0x0000000100000000)
  eden space 459776K, 0% used [0x00000000e0000000,0x00000000e0000000,0x00000000fc100000)
  from space 30720K, 74% used [0x00000000fe200000,0x00000000ff853ba8,0x0000000100000000)
  to   space 32256K, 0% used [0x00000000fc100000,0x00000000fc100000,0x00000000fe080000)
 ParOldGen       total 107520K, used 68167K [0x00000000a0000000, 0x00000000a6900000, 0x00000000e0000000)
  object space 107520K, 63% used [0x00000000a0000000,0x00000000a4291fe0,0x00000000a6900000)
 Metaspace       used 89955K, capacity 94216K, committed 94384K, reserved 1130496K
  class space    used 11854K, capacity 12671K, committed 12720K, reserved 1048576K
}

