# JRE version: OpenJDK Runtime Environment (8.0_242-b01) (build 1.8.0_242-release-1644-b01)
# Java VM: OpenJDK 64-Bit Server VM (25.242-b01 mixed mode windows-amd64 compressed oops)
Heap:
 PSYoungGen      total 154112K, used 77563K [0x00000000e0000000, 0x00000000edb00000, 0x0000000100000000)
  eden space 141824K, 46% used [0x00000000e0000000,0x00000000e3fbf458,0x00000000e8a80000)
  from space 12288K, 99% used [0x00000000e8a80000,0x00000000e967fb00,0x00000000e9680000)
  to   space 16384K, 0% used [0x00000000ecb00000,0x00000000ecb00000,0x00000000edb00000)
 ParOldGen       total 77312K, used 19995K [0x00000000a0000000, 0x00000000a4b80000, 0x00000000e0000000)
  object space 77312K, 25% used [0x00000000a0000000,0x00000000a1386e70,0x00000000a4b80000)
 Metaspace       used 52200K, capacity 53980K, committed 54192K, reserved 1095680K
  class space    used 7069K, capacity 7497K, committed 7600K, reserved 1048576K
GC Heap History (10 events):
Event: 5.180 GC heap before
{Heap before GC invocations=9 (full 1):
 PSYoungGen      total 73216K, used 62464K [0x00000000e0000000, 0x00000000e8f00000, 0x0000000100000000)
  eden space 62464K, 100% used [0x00000000e0000000,0x00000000e3d00000,0x00000000e3d00000)
  from space 10752K, 0% used [0x00000000e3d00000,0x00000000e3d00000,0x00000000e4780000)
  to   space 10752K, 0% used [0x00000000e8480000,0x00000000e8480000,0x00000000e8f00000)
 ParOldGen       total 54272K, used 7529K [0x00000000a0000000, 0x00000000a3500000, 0x00000000e0000000)
  object space 54272K, 13% used [0x00000000a0000000,0x00000000a075a460,0x00000000a3500000)
 Metaspace       used 28170K, capacity 28848K, committed 28976K, reserved 1075200K
  class space    used 3882K, capacity 4127K, committed 4144K, reserved 1048576K
Event: 5.199 GC heap after
Heap after GC invocations=9 (full 1):
 PSYoungGen      total 111104K, used 7937K [0x00000000e0000000, 0x00000000e8c80000, 0x0000000100000000)
  eden space 102912K, 0% used [0x00000000e0000000,0x00000000e0000000,0x00000000e6480000)
  from space 8192K, 96% used [0x00000000e8480000,0x00000000e8c40620,0x00000000e8c80000)
  to   space 10752K, 0% used [0x00000000e7780000,0x00000000e7780000,0x00000000e8200000)
 ParOldGen       total 54272K, used 7537K [0x00000000a0000000, 0x00000000a3500000, 0x00000000e0000000)
  object space 54272K, 13% used [0x00000000a0000000,0x00000000a075c460,0x00000000a3500000)
 Metaspace       used 28170K, capacity 28848K, committed 28976K, reserved 1075200K
  class space    used 3882K, capacity 4127K, committed 4144K, reserved 1048576K
}
Event: 6.920 GC heap before
{Heap before GC invocations=10 (full 1):
 PSYoungGen      total 111104K, used 110849K [0x00000000e0000000, 0x00000000e8c80000, 0x0000000100000000)
  eden space 102912K, 100% used [0x00000000e0000000,0x00000000e6480000,0x00000000e6480000)
  from space 8192K, 96% used [0x00000000e8480000,0x00000000e8c40620,0x00000000e8c80000)
  to   space 10752K, 0% used [0x00000000e7780000,0x00000000e7780000,0x00000000e8200000)
 ParOldGen       total 54272K, used 7537K [0x00000000a0000000, 0x00000000a3500000, 0x00000000e0000000)
  object space 54272K, 13% used [0x00000000a0000000,0x00000000a075c460,0x00000000a3500000)
 Metaspace       used 34049K, capacity 34818K, committed 34864K, reserved 1079296K
  class space    used 4667K, capacity 4892K, committed 4912K, reserved 1048576K
Event: 6.945 GC heap after
Heap after GC invocations=10 (full 1):
 PSYoungGen      total 133120K, used 10726K [0x00000000e0000000, 0x00000000ea280000, 0x0000000100000000)
  eden space 122368K, 0% used [0x00000000e0000000,0x00000000e0000000,0x00000000e7780000)
  from space 10752K, 99% used [0x00000000e7780000,0x00000000e81f9b70,0x00000000e8200000)
  to   space 12288K, 0% used [0x00000000e9680000,0x00000000e9680000,0x00000000ea280000)
 ParOldGen       total 54272K, used 7808K [0x00000000a0000000, 0x00000000a3500000, 0x00000000e0000000)
  object space 54272K, 14% used [0x00000000a0000000,0x00000000a07a02f0,0x00000000a3500000)
 Metaspace       used 34049K, capacity 34818K, committed 34864K, reserved 1079296K
  class space    used 4667K, capacity 4892K, committed 4912K, reserved 1048576K
}
Event: 7.088 GC heap before
{Heap before GC invocations=11 (full 1):
 PSYoungGen      total 133120K, used 21996K [0x00000000e0000000, 0x00000000ea280000, 0x0000000100000000)
  eden space 122368K, 9% used [0x00000000e0000000,0x00000000e0b01800,0x00000000e7780000)
  from space 10752K, 99% used [0x00000000e7780000,0x00000000e81f9b70,0x00000000e8200000)
  to   space 12288K, 0% used [0x00000000e9680000,0x00000000e9680000,0x00000000ea280000)
 ParOldGen       total 54272K, used 7808K [0x00000000a0000000, 0x00000000a3500000, 0x00000000e0000000)
  object space 54272K, 14% used [0x00000000a0000000,0x00000000a07a02f0,0x00000000a3500000)
 Metaspace       used 34602K, capacity 35414K, committed 35496K, reserved 1079296K
  class space    used 4743K, capacity 4972K, committed 5040K, reserved 1048576K
Event: 7.099 GC heap after
Heap after GC invocations=11 (full 1):
 PSYoungGen      total 154112K, used 3872K [0x00000000e0000000, 0x00000000ec380000, 0x0000000100000000)
  eden space 141824K, 0% used [0x00000000e0000000,0x00000000e0000000,0x00000000e8a80000)
  from space 12288K, 31% used [0x00000000e9680000,0x00000000e9a481c8,0x00000000ea280000)
  to   space 12288K, 0% used [0x00000000e8a80000,0x00000000e8a80000,0x00000000e9680000)
 ParOldGen       total 54272K, used 10989K [0x00000000a0000000, 0x00000000a3500000, 0x00000000e0000000)
  object space 54272K, 20% used [0x00000000a0000000,0x00000000a0abb5f8,0x00000000a3500000)
 Metaspace       used 34602K, capacity 35414K, committed 35496K, reserved 1079296K
  class space    used 4743K, capacity 4972K, committed 5040K, reserved 1048576K
}
Event: 7.099 GC heap before
{Heap before GC invocations=12 (full 2):
 PSYoungGen      total 154112K, used 3872K [0x00000000e0000000, 0x00000000ec380000, 0x0000000100000000)
  eden space 141824K, 0% used [0x00000000e0000000,0x00000000e0000000,0x00000000e8a80000)
  from space 12288K, 31% used [0x00000000e9680000,0x00000000e9a481c8,0x00000000ea280000)
  to   space 12288K, 0% used [0x00000000e8a80000,0x00000000e8a80000,0x00000000e9680000)
 ParOldGen       total 54272K, used 10989K [0x00000000a0000000, 0x00000000a3500000, 0x00000000e0000000)
  object space 54272K, 20% used [0x00000000a0000000,0x00000000a0abb5f8,0x00000000a3500000)
 Metaspace       used 34602K, capacity 35414K, committed 35496K, reserved 1079296K
  class space    used 4743K, capacity 4972K, committed 5040K, reserved 1048576K
Event: 7.174 GC heap after
Heap after GC invocations=12 (full 2):
 PSYoungGen      total 154112K, used 0K [0x00000000e0000000, 0x00000000ec380000, 0x0000000100000000)
  eden space 141824K, 0% used [0x00000000e0000000,0x00000000e0000000,0x00000000e8a80000)
  from space 12288K, 0% used [0x00000000e9680000,0x00000000e9680000,0x00000000ea280000)
  to   space 12288K, 0% used [0x00000000e8a80000,0x00000000e8a80000,0x00000000e9680000)
 ParOldGen       total 77312K, used 13810K [0x00000000a0000000, 0x00000000a4b80000, 0x00000000e0000000)
  object space 77312K, 17% used [0x00000000a0000000,0x00000000a0d7cae8,0x00000000a4b80000)
 Metaspace       used 34602K, capacity 35414K, committed 35496K, reserved 1079296K
  class space    used 4743K, capacity 4972K, committed 5040K, reserved 1048576K
}
Event: 9.927 GC heap before
{Heap before GC invocations=13 (full 2):
 PSYoungGen      total 154112K, used 141824K [0x00000000e0000000, 0x00000000ec380000, 0x0000000100000000)
  eden space 141824K, 100% used [0x00000000e0000000,0x00000000e8a80000,0x00000000e8a80000)
  from space 12288K, 0% used [0x00000000e9680000,0x00000000e9680000,0x00000000ea280000)
  to   space 12288K, 0% used [0x00000000e8a80000,0x00000000e8a80000,0x00000000e9680000)
 ParOldGen       total 77312K, used 13810K [0x00000000a0000000, 0x00000000a4b80000, 0x00000000e0000000)
  object space 77312K, 17% used [0x00000000a0000000,0x00000000a0d7cae8,0x00000000a4b80000)
 Metaspace       used 46340K, capacity 47764K, committed 47920K, reserved 1091584K
  class space    used 6256K, capacity 6614K, committed 6704K, reserved 1048576K
Event: 9.950 GC heap after
Heap after GC invocations=13 (full 2):
 PSYoungGen      total 154112K, used 12286K [0x00000000e0000000, 0x00000000edb00000, 0x0000000100000000)
  eden space 141824K, 0% used [0x00000000e0000000,0x00000000e0000000,0x00000000e8a80000)
  from space 12288K, 99% used [0x00000000e8a80000,0x00000000e967fb00,0x00000000e9680000)
  to   space 16384K, 0% used [0x00000000ecb00000,0x00000000ecb00000,0x00000000edb00000)
 ParOldGen       total 77312K, used 19995K [0x00000000a0000000, 0x00000000a4b80000, 0x00000000e0000000)
  object space 77312K, 25% used [0x00000000a0000000,0x00000000a1386e70,0x00000000a4b80000)
 Metaspace       used 46340K, capacity 47764K, committed 47920K, reserved 1091584K
  class space    used 6256K, capacity 6614K, committed 6704K, reserved 1048576K
}

