# JRE version: OpenJDK Runtime Environment (8.0_242-b01) (build 1.8.0_242-release-1644-b01)
# Java VM: OpenJDK 64-Bit Server VM (25.242-b01 mixed mode windows-amd64 compressed oops)
Heap:
 PSYoungGen      total 346624K, used 231987K [0x00000000e0000000, 0x00000000f8f00000, 0x0000000100000000)
  eden space 321536K, 64% used [0x00000000e0000000,0x00000000eca0eb08,0x00000000f3a00000)
  from space 25088K, 99% used [0x00000000f5f80000,0x00000000f77fe2e0,0x00000000f7800000)
  to   space 38400K, 0% used [0x00000000f3a00000,0x00000000f3a00000,0x00000000f5f80000)
 ParOldGen       total 108032K, used 81070K [0x00000000a0000000, 0x00000000a6980000, 0x00000000e0000000)
  object space 108032K, 75% used [0x00000000a0000000,0x00000000a4f2b8e0,0x00000000a6980000)
 Metaspace       used 91431K, capacity 96006K, committed 96304K, reserved 1132544K
  class space    used 12127K, capacity 13028K, committed 13104K, reserved 1048576K
GC Heap History (10 events):
Event: 14.966 GC heap before
{Heap before GC invocations=15 (full 3):
 PSYoungGen      total 227840K, used 13993K [0x00000000e0000000, 0x00000000ef180000, 0x0000000100000000)
  eden space 211456K, 0% used [0x00000000e0000000,0x00000000e0000000,0x00000000ece80000)
  from space 16384K, 85% used [0x00000000ee000000,0x00000000eedaa6b0,0x00000000ef000000)
  to   space 17920K, 0% used [0x00000000ece80000,0x00000000ece80000,0x00000000ee000000)
 ParOldGen       total 68608K, used 29828K [0x00000000a0000000, 0x00000000a4300000, 0x00000000e0000000)
  object space 68608K, 43% used [0x00000000a0000000,0x00000000a1d21050,0x00000000a4300000)
 Metaspace       used 57028K, capacity 59054K, committed 59160K, reserved 1099776K
  class space    used 7813K, capacity 8276K, committed 8368K, reserved 1048576K
Event: 15.459 GC heap after
Heap after GC invocations=15 (full 3):
 PSYoungGen      total 227840K, used 0K [0x00000000e0000000, 0x00000000ef180000, 0x0000000100000000)
  eden space 211456K, 0% used [0x00000000e0000000,0x00000000e0000000,0x00000000ece80000)
  from space 16384K, 0% used [0x00000000ee000000,0x00000000ee000000,0x00000000ef000000)
  to   space 17920K, 0% used [0x00000000ece80000,0x00000000ece80000,0x00000000ee000000)
 ParOldGen       total 108032K, used 35545K [0x00000000a0000000, 0x00000000a6980000, 0x00000000e0000000)
  object space 108032K, 32% used [0x00000000a0000000,0x00000000a22b6408,0x00000000a6980000)
 Metaspace       used 57014K, capacity 59006K, committed 59160K, reserved 1099776K
  class space    used 7809K, capacity 8268K, committed 8368K, reserved 1048576K
}
Event: 20.223 GC heap before
{Heap before GC invocations=16 (full 3):
 PSYoungGen      total 227840K, used 211456K [0x00000000e0000000, 0x00000000ef180000, 0x0000000100000000)
  eden space 211456K, 100% used [0x00000000e0000000,0x00000000ece80000,0x00000000ece80000)
  from space 16384K, 0% used [0x00000000ee000000,0x00000000ee000000,0x00000000ef000000)
  to   space 17920K, 0% used [0x00000000ece80000,0x00000000ece80000,0x00000000ee000000)
 ParOldGen       total 108032K, used 35545K [0x00000000a0000000, 0x00000000a6980000, 0x00000000e0000000)
  object space 108032K, 32% used [0x00000000a0000000,0x00000000a22b6408,0x00000000a6980000)
 Metaspace       used 61508K, capacity 64106K, committed 64304K, reserved 1103872K
  class space    used 8423K, capacity 8982K, committed 9008K, reserved 1048576K
Event: 20.257 GC heap after
Heap after GC invocations=16 (full 3):
 PSYoungGen      total 229376K, used 17878K [0x00000000e0000000, 0x00000000f3600000, 0x0000000100000000)
  eden space 211456K, 0% used [0x00000000e0000000,0x00000000e0000000,0x00000000ece80000)
  from space 17920K, 99% used [0x00000000ece80000,0x00000000edff5b40,0x00000000ee000000)
  to   space 20480K, 0% used [0x00000000f2200000,0x00000000f2200000,0x00000000f3600000)
 ParOldGen       total 108032K, used 35553K [0x00000000a0000000, 0x00000000a6980000, 0x00000000e0000000)
  object space 108032K, 32% used [0x00000000a0000000,0x00000000a22b8408,0x00000000a6980000)
 Metaspace       used 61508K, capacity 64106K, committed 64304K, reserved 1103872K
  class space    used 8423K, capacity 8982K, committed 9008K, reserved 1048576K
}
Event: 26.129 GC heap before
{Heap before GC invocations=17 (full 3):
 PSYoungGen      total 229376K, used 229334K [0x00000000e0000000, 0x00000000f3600000, 0x0000000100000000)
  eden space 211456K, 100% used [0x00000000e0000000,0x00000000ece80000,0x00000000ece80000)
  from space 17920K, 99% used [0x00000000ece80000,0x00000000edff5b40,0x00000000ee000000)
  to   space 20480K, 0% used [0x00000000f2200000,0x00000000f2200000,0x00000000f3600000)
 ParOldGen       total 108032K, used 35553K [0x00000000a0000000, 0x00000000a6980000, 0x00000000e0000000)
  object space 108032K, 32% used [0x00000000a0000000,0x00000000a22b8408,0x00000000a6980000)
 Metaspace       used 67869K, capacity 70814K, committed 71088K, reserved 1110016K
  class space    used 9194K, capacity 9820K, committed 9904K, reserved 1048576K
Event: 26.163 GC heap after
Heap after GC invocations=17 (full 3):
 PSYoungGen      total 281600K, used 12182K [0x00000000e0000000, 0x00000000f2e80000, 0x0000000100000000)
  eden space 268800K, 0% used [0x00000000e0000000,0x00000000e0000000,0x00000000f0680000)
  from space 12800K, 95% used [0x00000000f2200000,0x00000000f2de5bb8,0x00000000f2e80000)
  to   space 20480K, 0% used [0x00000000f0680000,0x00000000f0680000,0x00000000f1a80000)
 ParOldGen       total 108032K, used 50889K [0x00000000a0000000, 0x00000000a6980000, 0x00000000e0000000)
  object space 108032K, 47% used [0x00000000a0000000,0x00000000a31b27c0,0x00000000a6980000)
 Metaspace       used 67869K, capacity 70814K, committed 71088K, reserved 1110016K
  class space    used 9194K, capacity 9820K, committed 9904K, reserved 1048576K
}
Event: 31.398 GC heap before
{Heap before GC invocations=18 (full 3):
 PSYoungGen      total 281600K, used 280982K [0x00000000e0000000, 0x00000000f2e80000, 0x0000000100000000)
  eden space 268800K, 100% used [0x00000000e0000000,0x00000000f0680000,0x00000000f0680000)
  from space 12800K, 95% used [0x00000000f2200000,0x00000000f2de5bb8,0x00000000f2e80000)
  to   space 20480K, 0% used [0x00000000f0680000,0x00000000f0680000,0x00000000f1a80000)
 ParOldGen       total 108032K, used 50889K [0x00000000a0000000, 0x00000000a6980000, 0x00000000e0000000)
  object space 108032K, 47% used [0x00000000a0000000,0x00000000a31b27c0,0x00000000a6980000)
 Metaspace       used 74545K, capacity 77662K, committed 78000K, reserved 1116160K
  class space    used 9933K, capacity 10566K, committed 10672K, reserved 1048576K
Event: 31.452 GC heap after
Heap after GC invocations=18 (full 3):
 PSYoungGen      total 289280K, used 20457K [0x00000000e0000000, 0x00000000f7800000, 0x0000000100000000)
  eden space 268800K, 0% used [0x00000000e0000000,0x00000000e0000000,0x00000000f0680000)
  from space 20480K, 99% used [0x00000000f0680000,0x00000000f1a7a7d0,0x00000000f1a80000)
  to   space 25088K, 0% used [0x00000000f5f80000,0x00000000f5f80000,0x00000000f7800000)
 ParOldGen       total 108032K, used 54686K [0x00000000a0000000, 0x00000000a6980000, 0x00000000e0000000)
  object space 108032K, 50% used [0x00000000a0000000,0x00000000a3567b18,0x00000000a6980000)
 Metaspace       used 74545K, capacity 77662K, committed 78000K, reserved 1116160K
  class space    used 9933K, capacity 10566K, committed 10672K, reserved 1048576K
}
Event: 41.626 GC heap before
{Heap before GC invocations=19 (full 3):
 PSYoungGen      total 289280K, used 289257K [0x00000000e0000000, 0x00000000f7800000, 0x0000000100000000)
  eden space 268800K, 100% used [0x00000000e0000000,0x00000000f0680000,0x00000000f0680000)
  from space 20480K, 99% used [0x00000000f0680000,0x00000000f1a7a7d0,0x00000000f1a80000)
  to   space 25088K, 0% used [0x00000000f5f80000,0x00000000f5f80000,0x00000000f7800000)
 ParOldGen       total 108032K, used 54686K [0x00000000a0000000, 0x00000000a6980000, 0x00000000e0000000)
  object space 108032K, 50% used [0x00000000a0000000,0x00000000a3567b18,0x00000000a6980000)
 Metaspace       used 83988K, capacity 88180K, committed 88240K, reserved 1126400K
  class space    used 11335K, capacity 12161K, committed 12208K, reserved 1048576K
Event: 41.791 GC heap after
Heap after GC invocations=19 (full 3):
 PSYoungGen      total 346624K, used 25080K [0x00000000e0000000, 0x00000000f8f00000, 0x0000000100000000)
  eden space 321536K, 0% used [0x00000000e0000000,0x00000000e0000000,0x00000000f3a00000)
  from space 25088K, 99% used [0x00000000f5f80000,0x00000000f77fe2e0,0x00000000f7800000)
  to   space 38400K, 0% used [0x00000000f3a00000,0x00000000f3a00000,0x00000000f5f80000)
 ParOldGen       total 108032K, used 81070K [0x00000000a0000000, 0x00000000a6980000, 0x00000000e0000000)
  object space 108032K, 75% used [0x00000000a0000000,0x00000000a4f2b8e0,0x00000000a6980000)
 Metaspace       used 83988K, capacity 88180K, committed 88240K, reserved 1126400K
  class space    used 11335K, capacity 12161K, committed 12208K, reserved 1048576K
}

