# JRE version: OpenJDK Runtime Environment (8.0_242-b01) (build 1.8.0_242-release-1644-b01)
# Java VM: OpenJDK 64-Bit Server VM (25.242-b01 mixed mode windows-amd64 compressed oops)
Heap:
 PSYoungGen      total 415744K, used 294553K [0x00000000e0000000, 0x00000000fbd00000, 0x0000000100000000)
  eden space 391680K, 69% used [0x00000000e0000000,0x00000000f082e1a8,0x00000000f7e80000)
  from space 24064K, 99% used [0x00000000fa580000,0x00000000fbcf8430,0x00000000fbd00000)
  to   space 29184K, 0% used [0x00000000f8400000,0x00000000f8400000,0x00000000fa080000)
 ParOldGen       total 142848K, used 39740K [0x00000000a0000000, 0x00000000a8b80000, 0x00000000e0000000)
  object space 142848K, 27% used [0x00000000a0000000,0x00000000a26cf080,0x00000000a8b80000)
 Metaspace       used 84164K, capacity 88124K, committed 88280K, reserved 1126400K
  class space    used 11130K, capacity 11990K, committed 12032K, reserved 1048576K
GC Heap History (10 events):
Event: 8.724 GC heap before
{Heap before GC invocations=9 (full 2):
 PSYoungGen      total 263680K, used 8137K [0x00000000e0000000, 0x00000000f7300000, 0x0000000100000000)
  eden space 248832K, 0% used [0x00000000e0000000,0x00000000e0000000,0x00000000ef300000)
  from space 14848K, 54% used [0x00000000ef300000,0x00000000efaf2440,0x00000000f0180000)
  to   space 14336K, 0% used [0x00000000f6500000,0x00000000f6500000,0x00000000f7300000)
 ParOldGen       total 55808K, used 7972K [0x00000000a0000000, 0x00000000a3680000, 0x00000000e0000000)
  object space 55808K, 14% used [0x00000000a0000000,0x00000000a07c9078,0x00000000a3680000)
 Metaspace       used 34139K, capacity 35306K, committed 35416K, reserved 1079296K
  class space    used 4595K, capacity 4884K, committed 4992K, reserved 1048576K
Event: 9.007 GC heap after
Heap after GC invocations=9 (full 2):
 PSYoungGen      total 263680K, used 0K [0x00000000e0000000, 0x00000000f7300000, 0x0000000100000000)
  eden space 248832K, 0% used [0x00000000e0000000,0x00000000e0000000,0x00000000ef300000)
  from space 14848K, 0% used [0x00000000ef300000,0x00000000ef300000,0x00000000f0180000)
  to   space 14336K, 0% used [0x00000000f6500000,0x00000000f6500000,0x00000000f7300000)
 ParOldGen       total 89088K, used 14471K [0x00000000a0000000, 0x00000000a5700000, 0x00000000e0000000)
  object space 89088K, 16% used [0x00000000a0000000,0x00000000a0e21d10,0x00000000a5700000)
 Metaspace       used 34139K, capacity 35306K, committed 35416K, reserved 1079296K
  class space    used 4595K, capacity 4884K, committed 4992K, reserved 1048576K
}
Event: 15.443 GC heap before
{Heap before GC invocations=10 (full 2):
 PSYoungGen      total 263680K, used 248832K [0x00000000e0000000, 0x00000000f7300000, 0x0000000100000000)
  eden space 248832K, 100% used [0x00000000e0000000,0x00000000ef300000,0x00000000ef300000)
  from space 14848K, 0% used [0x00000000ef300000,0x00000000ef300000,0x00000000f0180000)
  to   space 14336K, 0% used [0x00000000f6500000,0x00000000f6500000,0x00000000f7300000)
 ParOldGen       total 89088K, used 14471K [0x00000000a0000000, 0x00000000a5700000, 0x00000000e0000000)
  object space 89088K, 16% used [0x00000000a0000000,0x00000000a0e21d10,0x00000000a5700000)
 Metaspace       used 48565K, capacity 50686K, committed 50904K, reserved 1093632K
  class space    used 6432K, capacity 6869K, committed 6912K, reserved 1048576K
Event: 15.552 GC heap after
Heap after GC invocations=10 (full 2):
 PSYoungGen      total 351744K, used 14313K [0x00000000e0000000, 0x00000000f7300000, 0x0000000100000000)
  eden space 337408K, 0% used [0x00000000e0000000,0x00000000e0000000,0x00000000f4980000)
  from space 14336K, 99% used [0x00000000f6500000,0x00000000f72fa4b0,0x00000000f7300000)
  to   space 19456K, 0% used [0x00000000f4d00000,0x00000000f4d00000,0x00000000f6000000)
 ParOldGen       total 89088K, used 21608K [0x00000000a0000000, 0x00000000a5700000, 0x00000000e0000000)
  object space 89088K, 24% used [0x00000000a0000000,0x00000000a151a058,0x00000000a5700000)
 Metaspace       used 48565K, capacity 50686K, committed 50904K, reserved 1093632K
  class space    used 6432K, capacity 6869K, committed 6912K, reserved 1048576K
}
Event: 20.521 GC heap before
{Heap before GC invocations=11 (full 2):
 PSYoungGen      total 351744K, used 132497K [0x00000000e0000000, 0x00000000f7300000, 0x0000000100000000)
  eden space 337408K, 35% used [0x00000000e0000000,0x00000000e7369fd0,0x00000000f4980000)
  from space 14336K, 99% used [0x00000000f6500000,0x00000000f72fa4b0,0x00000000f7300000)
  to   space 19456K, 0% used [0x00000000f4d00000,0x00000000f4d00000,0x00000000f6000000)
 ParOldGen       total 89088K, used 21608K [0x00000000a0000000, 0x00000000a5700000, 0x00000000e0000000)
  object space 89088K, 24% used [0x00000000a0000000,0x00000000a151a058,0x00000000a5700000)
 Metaspace       used 56694K, capacity 58970K, committed 59028K, reserved 1099776K
  class space    used 7451K, capacity 7932K, committed 7936K, reserved 1048576K
Event: 20.607 GC heap after
Heap after GC invocations=11 (full 2):
 PSYoungGen      total 360448K, used 19433K [0x00000000e0000000, 0x00000000fbd00000, 0x0000000100000000)
  eden space 340992K, 0% used [0x00000000e0000000,0x00000000e0000000,0x00000000f4d00000)
  from space 19456K, 99% used [0x00000000f4d00000,0x00000000f5ffa560,0x00000000f6000000)
  to   space 24064K, 0% used [0x00000000fa580000,0x00000000fa580000,0x00000000fbd00000)
 ParOldGen       total 89088K, used 26030K [0x00000000a0000000, 0x00000000a5700000, 0x00000000e0000000)
  object space 89088K, 29% used [0x00000000a0000000,0x00000000a196b888,0x00000000a5700000)
 Metaspace       used 56694K, capacity 58970K, committed 59028K, reserved 1099776K
  class space    used 7451K, capacity 7932K, committed 7936K, reserved 1048576K
}
Event: 20.607 GC heap before
{Heap before GC invocations=12 (full 3):
 PSYoungGen      total 360448K, used 19433K [0x00000000e0000000, 0x00000000fbd00000, 0x0000000100000000)
  eden space 340992K, 0% used [0x00000000e0000000,0x00000000e0000000,0x00000000f4d00000)
  from space 19456K, 99% used [0x00000000f4d00000,0x00000000f5ffa560,0x00000000f6000000)
  to   space 24064K, 0% used [0x00000000fa580000,0x00000000fa580000,0x00000000fbd00000)
 ParOldGen       total 89088K, used 26030K [0x00000000a0000000, 0x00000000a5700000, 0x00000000e0000000)
  object space 89088K, 29% used [0x00000000a0000000,0x00000000a196b888,0x00000000a5700000)
 Metaspace       used 56694K, capacity 58970K, committed 59028K, reserved 1099776K
  class space    used 7451K, capacity 7932K, committed 7936K, reserved 1048576K
Event: 21.454 GC heap after
Heap after GC invocations=12 (full 3):
 PSYoungGen      total 360448K, used 0K [0x00000000e0000000, 0x00000000fbd00000, 0x0000000100000000)
  eden space 340992K, 0% used [0x00000000e0000000,0x00000000e0000000,0x00000000f4d00000)
  from space 19456K, 0% used [0x00000000f4d00000,0x00000000f4d00000,0x00000000f6000000)
  to   space 24064K, 0% used [0x00000000fa580000,0x00000000fa580000,0x00000000fbd00000)
 ParOldGen       total 142848K, used 35975K [0x00000000a0000000, 0x00000000a8b80000, 0x00000000e0000000)
  object space 142848K, 25% used [0x00000000a0000000,0x00000000a2321e60,0x00000000a8b80000)
 Metaspace       used 56629K, capacity 58804K, committed 59028K, reserved 1099776K
  class space    used 7434K, capacity 7909K, committed 7936K, reserved 1048576K
}
Event: 36.836 GC heap before
{Heap before GC invocations=13 (full 3):
 PSYoungGen      total 360448K, used 340992K [0x00000000e0000000, 0x00000000fbd00000, 0x0000000100000000)
  eden space 340992K, 100% used [0x00000000e0000000,0x00000000f4d00000,0x00000000f4d00000)
  from space 19456K, 0% used [0x00000000f4d00000,0x00000000f4d00000,0x00000000f6000000)
  to   space 24064K, 0% used [0x00000000fa580000,0x00000000fa580000,0x00000000fbd00000)
 ParOldGen       total 142848K, used 35975K [0x00000000a0000000, 0x00000000a8b80000, 0x00000000e0000000)
  object space 142848K, 25% used [0x00000000a0000000,0x00000000a2321e60,0x00000000a8b80000)
 Metaspace       used 73847K, capacity 77206K, committed 77528K, reserved 1116160K
  class space    used 10009K, capacity 10669K, committed 10752K, reserved 1048576K
Event: 36.890 GC heap after
Heap after GC invocations=13 (full 3):
 PSYoungGen      total 415744K, used 24033K [0x00000000e0000000, 0x00000000fbd00000, 0x0000000100000000)
  eden space 391680K, 0% used [0x00000000e0000000,0x00000000e0000000,0x00000000f7e80000)
  from space 24064K, 99% used [0x00000000fa580000,0x00000000fbcf8430,0x00000000fbd00000)
  to   space 29184K, 0% used [0x00000000f8400000,0x00000000f8400000,0x00000000fa080000)
 ParOldGen       total 142848K, used 39740K [0x00000000a0000000, 0x00000000a8b80000, 0x00000000e0000000)
  object space 142848K, 27% used [0x00000000a0000000,0x00000000a26cf080,0x00000000a8b80000)
 Metaspace       used 73847K, capacity 77206K, committed 77528K, reserved 1116160K
  class space    used 10009K, capacity 10669K, committed 10752K, reserved 1048576K
}

