# JRE version: OpenJDK Runtime Environment (8.0_242-b01) (build 1.8.0_242-release-1644-b01)
# Java VM: OpenJDK 64-Bit Server VM (25.242-b01 mixed mode windows-amd64 compressed oops)
Heap:
 PSYoungGen      total 471040K, used 49303K [0x00000000e0000000, 0x0000000100000000, 0x0000000100000000)
  eden space 442368K, 4% used [0x00000000e0000000,0x00000000e1428c10,0x00000000fb000000)
  from space 28672K, 99% used [0x00000000fe400000,0x00000000ffffd148,0x0000000100000000)
  to   space 40960K, 0% used [0x00000000fb000000,0x00000000fb000000,0x00000000fd800000)
 ParOldGen       total 108032K, used 79735K [0x00000000a0000000, 0x00000000a6980000, 0x00000000e0000000)
  object space 108032K, 73% used [0x00000000a0000000,0x00000000a4dddcc0,0x00000000a6980000)
 Metaspace       used 79517K, capacity 82996K, committed 83120K, reserved 1122304K
  class space    used 10272K, capacity 10925K, committed 10928K, reserved 1048576K
GC Heap History (10 events):
Event: 40.812 GC heap before
{Heap before GC invocations=11 (full 2):
 PSYoungGen      total 394752K, used 40541K [0x00000000e0000000, 0x00000000fc400000, 0x0000000100000000)
  eden space 380416K, 6% used [0x00000000e0000000,0x00000000e199c158,0x00000000f7380000)
  from space 14336K, 99% used [0x00000000fb600000,0x00000000fc3fb330,0x00000000fc400000)
  to   space 23040K, 0% used [0x00000000f9700000,0x00000000f9700000,0x00000000fad80000)
 ParOldGen       total 72704K, used 30807K [0x00000000a0000000, 0x00000000a4700000, 0x00000000e0000000)
  object space 72704K, 42% used [0x00000000a0000000,0x00000000a1e15f60,0x00000000a4700000)
 Metaspace       used 57097K, capacity 59034K, committed 59160K, reserved 1099776K
  class space    used 7815K, capacity 8300K, committed 8368K, reserved 1048576K
Event: 40.893 GC heap after
Heap after GC invocations=11 (full 2):
 PSYoungGen      total 439808K, used 16545K [0x00000000e0000000, 0x0000000100000000, 0x0000000100000000)
  eden space 416768K, 0% used [0x00000000e0000000,0x00000000e0000000,0x00000000f9700000)
  from space 23040K, 71% used [0x00000000f9700000,0x00000000fa728418,0x00000000fad80000)
  to   space 24064K, 0% used [0x00000000fe880000,0x00000000fe880000,0x0000000100000000)
 ParOldGen       total 72704K, used 30815K [0x00000000a0000000, 0x00000000a4700000, 0x00000000e0000000)
  object space 72704K, 42% used [0x00000000a0000000,0x00000000a1e17f60,0x00000000a4700000)
 Metaspace       used 57097K, capacity 59034K, committed 59160K, reserved 1099776K
  class space    used 7815K, capacity 8300K, committed 8368K, reserved 1048576K
}
Event: 40.893 GC heap before
{Heap before GC invocations=12 (full 3):
 PSYoungGen      total 439808K, used 16545K [0x00000000e0000000, 0x0000000100000000, 0x0000000100000000)
  eden space 416768K, 0% used [0x00000000e0000000,0x00000000e0000000,0x00000000f9700000)
  from space 23040K, 71% used [0x00000000f9700000,0x00000000fa728418,0x00000000fad80000)
  to   space 24064K, 0% used [0x00000000fe880000,0x00000000fe880000,0x0000000100000000)
 ParOldGen       total 72704K, used 30815K [0x00000000a0000000, 0x00000000a4700000, 0x00000000e0000000)
  object space 72704K, 42% used [0x00000000a0000000,0x00000000a1e17f60,0x00000000a4700000)
 Metaspace       used 57097K, capacity 59034K, committed 59160K, reserved 1099776K
  class space    used 7815K, capacity 8300K, committed 8368K, reserved 1048576K
Event: 41.573 GC heap after
Heap after GC invocations=12 (full 3):
 PSYoungGen      total 439808K, used 0K [0x00000000e0000000, 0x0000000100000000, 0x0000000100000000)
  eden space 416768K, 0% used [0x00000000e0000000,0x00000000e0000000,0x00000000f9700000)
  from space 23040K, 0% used [0x00000000f9700000,0x00000000f9700000,0x00000000fad80000)
  to   space 24064K, 0% used [0x00000000fe880000,0x00000000fe880000,0x0000000100000000)
 ParOldGen       total 108032K, used 30161K [0x00000000a0000000, 0x00000000a6980000, 0x00000000e0000000)
  object space 108032K, 27% used [0x00000000a0000000,0x00000000a1d74628,0x00000000a6980000)
 Metaspace       used 57097K, capacity 59034K, committed 59160K, reserved 1099776K
  class space    used 7815K, capacity 8300K, committed 8368K, reserved 1048576K
}
Event: 58.480 GC heap before
{Heap before GC invocations=13 (full 3):
 PSYoungGen      total 439808K, used 416768K [0x00000000e0000000, 0x0000000100000000, 0x0000000100000000)
  eden space 416768K, 100% used [0x00000000e0000000,0x00000000f9700000,0x00000000f9700000)
  from space 23040K, 0% used [0x00000000f9700000,0x00000000f9700000,0x00000000fad80000)
  to   space 24064K, 0% used [0x00000000fe880000,0x00000000fe880000,0x0000000100000000)
 ParOldGen       total 108032K, used 30161K [0x00000000a0000000, 0x00000000a6980000, 0x00000000e0000000)
  object space 108032K, 27% used [0x00000000a0000000,0x00000000a1d74628,0x00000000a6980000)
 Metaspace       used 65980K, capacity 68806K, committed 68912K, reserved 1107968K
  class space    used 9093K, capacity 9704K, committed 9776K, reserved 1048576K
Event: 58.583 GC heap after
Heap after GC invocations=13 (full 3):
 PSYoungGen      total 487936K, used 24060K [0x00000000e0000000, 0x0000000100000000, 0x0000000100000000)
  eden space 463872K, 0% used [0x00000000e0000000,0x00000000e0000000,0x00000000fc500000)
  from space 24064K, 99% used [0x00000000fe880000,0x00000000fffff060,0x0000000100000000)
  to   space 30208K, 0% used [0x00000000fc500000,0x00000000fc500000,0x00000000fe280000)
 ParOldGen       total 108032K, used 37317K [0x00000000a0000000, 0x00000000a6980000, 0x00000000e0000000)
  object space 108032K, 34% used [0x00000000a0000000,0x00000000a2471510,0x00000000a6980000)
 Metaspace       used 65980K, capacity 68806K, committed 68912K, reserved 1107968K
  class space    used 9093K, capacity 9704K, committed 9776K, reserved 1048576K
}
Event: 4059.484 GC heap before
{Heap before GC invocations=14 (full 3):
 PSYoungGen      total 487936K, used 487932K [0x00000000e0000000, 0x0000000100000000, 0x0000000100000000)
  eden space 463872K, 100% used [0x00000000e0000000,0x00000000fc500000,0x00000000fc500000)
  from space 24064K, 99% used [0x00000000fe880000,0x00000000fffff060,0x0000000100000000)
  to   space 30208K, 0% used [0x00000000fc500000,0x00000000fc500000,0x00000000fe280000)
 ParOldGen       total 108032K, used 37317K [0x00000000a0000000, 0x00000000a6980000, 0x00000000e0000000)
  object space 108032K, 34% used [0x00000000a0000000,0x00000000a2471510,0x00000000a6980000)
 Metaspace       used 71460K, capacity 74600K, committed 74672K, reserved 1114112K
  class space    used 9452K, capacity 10105K, committed 10160K, reserved 1048576K
Event: 4059.614 GC heap after
Heap after GC invocations=14 (full 3):
 PSYoungGen      total 494080K, used 13578K [0x00000000e0000000, 0x0000000100000000, 0x0000000100000000)
  eden space 463872K, 0% used [0x00000000e0000000,0x00000000e0000000,0x00000000fc500000)
  from space 30208K, 44% used [0x00000000fc500000,0x00000000fd242b90,0x00000000fe280000)
  to   space 28672K, 0% used [0x00000000fe400000,0x00000000fe400000,0x0000000100000000)
 ParOldGen       total 108032K, used 58816K [0x00000000a0000000, 0x00000000a6980000, 0x00000000e0000000)
  object space 108032K, 54% used [0x00000000a0000000,0x00000000a39702f8,0x00000000a6980000)
 Metaspace       used 71460K, capacity 74600K, committed 74672K, reserved 1114112K
  class space    used 9452K, capacity 10105K, committed 10160K, reserved 1048576K
}
Event: 4686.770 GC heap before
{Heap before GC invocations=15 (full 3):
 PSYoungGen      total 494080K, used 477450K [0x00000000e0000000, 0x0000000100000000, 0x0000000100000000)
  eden space 463872K, 100% used [0x00000000e0000000,0x00000000fc500000,0x00000000fc500000)
  from space 30208K, 44% used [0x00000000fc500000,0x00000000fd242b90,0x00000000fe280000)
  to   space 28672K, 0% used [0x00000000fe400000,0x00000000fe400000,0x0000000100000000)
 ParOldGen       total 108032K, used 58816K [0x00000000a0000000, 0x00000000a6980000, 0x00000000e0000000)
  object space 108032K, 54% used [0x00000000a0000000,0x00000000a39702f8,0x00000000a6980000)
 Metaspace       used 79479K, capacity 82996K, committed 83120K, reserved 1122304K
  class space    used 10270K, capacity 10925K, committed 10928K, reserved 1048576K
Event: 4686.868 GC heap after
Heap after GC invocations=15 (full 3):
 PSYoungGen      total 471040K, used 28660K [0x00000000e0000000, 0x0000000100000000, 0x0000000100000000)
  eden space 442368K, 0% used [0x00000000e0000000,0x00000000e0000000,0x00000000fb000000)
  from space 28672K, 99% used [0x00000000fe400000,0x00000000ffffd148,0x0000000100000000)
  to   space 40960K, 0% used [0x00000000fb000000,0x00000000fb000000,0x00000000fd800000)
 ParOldGen       total 108032K, used 79735K [0x00000000a0000000, 0x00000000a6980000, 0x00000000e0000000)
  object space 108032K, 73% used [0x00000000a0000000,0x00000000a4dddcc0,0x00000000a6980000)
 Metaspace       used 79479K, capacity 82996K, committed 83120K, reserved 1122304K
  class space    used 10270K, capacity 10925K, committed 10928K, reserved 1048576K
}

