# JRE version: OpenJDK Runtime Environment (8.0_242-b01) (build 1.8.0_242-release-1644-b01)
# Java VM: OpenJDK 64-Bit Server VM (25.242-b01 mixed mode windows-amd64 compressed oops)
Heap:
 PSYoungGen      total 152064K, used 3914K [0x00000000e0000000, 0x00000000ec180000, 0x0000000100000000)
  eden space 139776K, 0% used [0x00000000e0000000,0x00000000e0000000,0x00000000e8880000)
  from space 12288K, 31% used [0x00000000e9480000,0x00000000e9852b68,0x00000000ea080000)
  to   space 12288K, 0% used [0x00000000e8880000,0x00000000e8880000,0x00000000e9480000)
 ParOldGen       total 53248K, used 10634K [0x00000000a0000000, 0x00000000a3400000, 0x00000000e0000000)
  object space 53248K, 19% used [0x00000000a0000000,0x00000000a0a62bb8,0x00000000a3400000)
 Metaspace       used 34622K, capacity 35446K, committed 35496K, reserved 1079296K
  class space    used 4754K, capacity 5004K, committed 5040K, reserved 1048576K
GC Heap History (10 events):
Event: 8.188 GC heap after
Heap after GC invocations=7 (full 0):
 PSYoungGen      total 73216K, used 4694K [0x00000000e0000000, 0x00000000e8f00000, 0x0000000100000000)
  eden space 62464K, 0% used [0x00000000e0000000,0x00000000e0000000,0x00000000e3d00000)
  from space 10752K, 43% used [0x00000000e3d00000,0x00000000e41958f0,0x00000000e4780000)
  to   space 10752K, 0% used [0x00000000e8480000,0x00000000e8480000,0x00000000e8f00000)
 ParOldGen       total 84992K, used 8025K [0x00000000a0000000, 0x00000000a5300000, 0x00000000e0000000)
  object space 84992K, 9% used [0x00000000a0000000,0x00000000a07d6480,0x00000000a5300000)
 Metaspace       used 20631K, capacity 21228K, committed 21296K, reserved 1067008K
  class space    used 2886K, capacity 3084K, committed 3120K, reserved 1048576K
}
Event: 8.188 GC heap before
{Heap before GC invocations=8 (full 1):
 PSYoungGen      total 73216K, used 4694K [0x00000000e0000000, 0x00000000e8f00000, 0x0000000100000000)
  eden space 62464K, 0% used [0x00000000e0000000,0x00000000e0000000,0x00000000e3d00000)
  from space 10752K, 43% used [0x00000000e3d00000,0x00000000e41958f0,0x00000000e4780000)
  to   space 10752K, 0% used [0x00000000e8480000,0x00000000e8480000,0x00000000e8f00000)
 ParOldGen       total 84992K, used 8025K [0x00000000a0000000, 0x00000000a5300000, 0x00000000e0000000)
  object space 84992K, 9% used [0x00000000a0000000,0x00000000a07d6480,0x00000000a5300000)
 Metaspace       used 20631K, capacity 21228K, committed 21296K, reserved 1067008K
  class space    used 2886K, capacity 3084K, committed 3120K, reserved 1048576K
Event: 8.281 GC heap after
Heap after GC invocations=8 (full 1):
 PSYoungGen      total 73216K, used 0K [0x00000000e0000000, 0x00000000e8f00000, 0x0000000100000000)
  eden space 62464K, 0% used [0x00000000e0000000,0x00000000e0000000,0x00000000e3d00000)
  from space 10752K, 0% used [0x00000000e3d00000,0x00000000e3d00000,0x00000000e4780000)
  to   space 10752K, 0% used [0x00000000e8480000,0x00000000e8480000,0x00000000e8f00000)
 ParOldGen       total 53248K, used 7454K [0x00000000a0000000, 0x00000000a3400000, 0x00000000e0000000)
  object space 53248K, 14% used [0x00000000a0000000,0x00000000a0747ba0,0x00000000a3400000)
 Metaspace       used 20631K, capacity 21228K, committed 21296K, reserved 1067008K
  class space    used 2886K, capacity 3084K, committed 3120K, reserved 1048576K
}
Event: 9.951 GC heap before
{Heap before GC invocations=9 (full 1):
 PSYoungGen      total 73216K, used 62464K [0x00000000e0000000, 0x00000000e8f00000, 0x0000000100000000)
  eden space 62464K, 100% used [0x00000000e0000000,0x00000000e3d00000,0x00000000e3d00000)
  from space 10752K, 0% used [0x00000000e3d00000,0x00000000e3d00000,0x00000000e4780000)
  to   space 10752K, 0% used [0x00000000e8480000,0x00000000e8480000,0x00000000e8f00000)
 ParOldGen       total 53248K, used 7454K [0x00000000a0000000, 0x00000000a3400000, 0x00000000e0000000)
  object space 53248K, 14% used [0x00000000a0000000,0x00000000a0747ba0,0x00000000a3400000)
 Metaspace       used 28188K, capacity 28852K, committed 28976K, reserved 1075200K
  class space    used 3892K, capacity 4127K, committed 4144K, reserved 1048576K
Event: 9.965 GC heap after
Heap after GC invocations=9 (full 1):
 PSYoungGen      total 110592K, used 8019K [0x00000000e0000000, 0x00000000e8c80000, 0x0000000100000000)
  eden space 102400K, 0% used [0x00000000e0000000,0x00000000e0000000,0x00000000e6400000)
  from space 8192K, 97% used [0x00000000e8480000,0x00000000e8c54d18,0x00000000e8c80000)
  to   space 11264K, 0% used [0x00000000e7680000,0x00000000e7680000,0x00000000e8180000)
 ParOldGen       total 53248K, used 7462K [0x00000000a0000000, 0x00000000a3400000, 0x00000000e0000000)
  object space 53248K, 14% used [0x00000000a0000000,0x00000000a0749ba0,0x00000000a3400000)
 Metaspace       used 28188K, capacity 28852K, committed 28976K, reserved 1075200K
  class space    used 3892K, capacity 4127K, committed 4144K, reserved 1048576K
}
Event: 12.752 GC heap before
{Heap before GC invocations=10 (full 1):
 PSYoungGen      total 110592K, used 110419K [0x00000000e0000000, 0x00000000e8c80000, 0x0000000100000000)
  eden space 102400K, 100% used [0x00000000e0000000,0x00000000e6400000,0x00000000e6400000)
  from space 8192K, 97% used [0x00000000e8480000,0x00000000e8c54d18,0x00000000e8c80000)
  to   space 11264K, 0% used [0x00000000e7680000,0x00000000e7680000,0x00000000e8180000)
 ParOldGen       total 53248K, used 7462K [0x00000000a0000000, 0x00000000a3400000, 0x00000000e0000000)
  object space 53248K, 14% used [0x00000000a0000000,0x00000000a0749ba0,0x00000000a3400000)
 Metaspace       used 34074K, capacity 34862K, committed 34992K, reserved 1079296K
  class space    used 4680K, capacity 4926K, committed 5040K, reserved 1048576K
Event: 12.775 GC heap after
Heap after GC invocations=10 (full 1):
 PSYoungGen      total 132608K, used 11005K [0x00000000e0000000, 0x00000000ea080000, 0x0000000100000000)
  eden space 121344K, 0% used [0x00000000e0000000,0x00000000e0000000,0x00000000e7680000)
  from space 11264K, 97% used [0x00000000e7680000,0x00000000e813f620,0x00000000e8180000)
  to   space 12288K, 0% used [0x00000000e9480000,0x00000000e9480000,0x00000000ea080000)
 ParOldGen       total 53248K, used 7470K [0x00000000a0000000, 0x00000000a3400000, 0x00000000e0000000)
  object space 53248K, 14% used [0x00000000a0000000,0x00000000a074bba0,0x00000000a3400000)
 Metaspace       used 34074K, capacity 34862K, committed 34992K, reserved 1079296K
  class space    used 4680K, capacity 4926K, committed 5040K, reserved 1048576K
}
Event: 13.036 GC heap before
{Heap before GC invocations=11 (full 1):
 PSYoungGen      total 132608K, used 22279K [0x00000000e0000000, 0x00000000ea080000, 0x0000000100000000)
  eden space 121344K, 9% used [0x00000000e0000000,0x00000000e0b02820,0x00000000e7680000)
  from space 11264K, 97% used [0x00000000e7680000,0x00000000e813f620,0x00000000e8180000)
  to   space 12288K, 0% used [0x00000000e9480000,0x00000000e9480000,0x00000000ea080000)
 ParOldGen       total 53248K, used 7470K [0x00000000a0000000, 0x00000000a3400000, 0x00000000e0000000)
  object space 53248K, 14% used [0x00000000a0000000,0x00000000a074bba0,0x00000000a3400000)
 Metaspace       used 34622K, capacity 35446K, committed 35496K, reserved 1079296K
  class space    used 4754K, capacity 5004K, committed 5040K, reserved 1048576K
Event: 13.053 GC heap after
Heap after GC invocations=11 (full 1):
 PSYoungGen      total 152064K, used 3914K [0x00000000e0000000, 0x00000000ec180000, 0x0000000100000000)
  eden space 139776K, 0% used [0x00000000e0000000,0x00000000e0000000,0x00000000e8880000)
  from space 12288K, 31% used [0x00000000e9480000,0x00000000e9852b68,0x00000000ea080000)
  to   space 12288K, 0% used [0x00000000e8880000,0x00000000e8880000,0x00000000e9480000)
 ParOldGen       total 53248K, used 10634K [0x00000000a0000000, 0x00000000a3400000, 0x00000000e0000000)
  object space 53248K, 19% used [0x00000000a0000000,0x00000000a0a62bb8,0x00000000a3400000)
 Metaspace       used 34622K, capacity 35446K, committed 35496K, reserved 1079296K
  class space    used 4754K, capacity 5004K, committed 5040K, reserved 1048576K
}
Event: 13.053 GC heap before
{Heap before GC invocations=12 (full 2):
 PSYoungGen      total 152064K, used 3914K [0x00000000e0000000, 0x00000000ec180000, 0x0000000100000000)
  eden space 139776K, 0% used [0x00000000e0000000,0x00000000e0000000,0x00000000e8880000)
  from space 12288K, 31% used [0x00000000e9480000,0x00000000e9852b68,0x00000000ea080000)
  to   space 12288K, 0% used [0x00000000e8880000,0x00000000e8880000,0x00000000e9480000)
 ParOldGen       total 53248K, used 10634K [0x00000000a0000000, 0x00000000a3400000, 0x00000000e0000000)
  object space 53248K, 19% used [0x00000000a0000000,0x00000000a0a62bb8,0x00000000a3400000)
 Metaspace       used 34622K, capacity 35446K, committed 35496K, reserved 1079296K
  class space    used 4754K, capacity 5004K, committed 5040K, reserved 1048576K

