# JRE version: OpenJDK Runtime Environment (8.0_242-b01) (build 1.8.0_242-release-1644-b01)
# Java VM: OpenJDK 64-Bit Server VM (25.242-b01 mixed mode windows-amd64 compressed oops)
Heap:
 PSYoungGen      total 371200K, used 366895K [0x00000000e0000000, 0x00000000fd500000, 0x0000000100000000)
  eden space 325120K, 100% used [0x00000000e0000000,0x00000000f3d80000,0x00000000f3d80000)
  from space 46080K, 90% used [0x00000000f3d80000,0x00000000f664bd30,0x00000000f6a80000)
  to   space 52736K, 46% used [0x00000000fa180000,0x00000000fb966d90,0x00000000fd500000)
 ParOldGen       total 117248K, used 92358K [0x00000000a0000000, 0x00000000a7280000, 0x00000000e0000000)
  object space 117248K, 78% used [0x00000000a0000000,0x00000000a5a31870,0x00000000a7280000)
 Metaspace       used 92058K, capacity 97100K, committed 97304K, reserved 1134592K
  class space    used 12080K, capacity 12982K, committed 13104K, reserved 1048576K
GC Heap History (10 events):
Event: 35.636 GC heap after
Heap after GC invocations=18 (full 3):
 PSYoungGen      total 272384K, used 17411K [0x00000000e0000000, 0x00000000f5900000, 0x0000000100000000)
  eden space 248832K, 0% used [0x00000000e0000000,0x00000000e0000000,0x00000000ef300000)
  from space 23552K, 73% used [0x00000000ef300000,0x00000000f0400fd0,0x00000000f0a00000)
  to   space 25088K, 0% used [0x00000000f4080000,0x00000000f4080000,0x00000000f5900000)
 ParOldGen       total 117248K, used 44453K [0x00000000a0000000, 0x00000000a7280000, 0x00000000e0000000)
  object space 117248K, 37% used [0x00000000a0000000,0x00000000a2b69730,0x00000000a7280000)
 Metaspace       used 71328K, capacity 74628K, committed 74776K, reserved 1114112K
  class space    used 9625K, capacity 10261K, committed 10288K, reserved 1048576K
}
Event: 41.437 GC heap before
{Heap before GC invocations=19 (full 3):
 PSYoungGen      total 272384K, used 266243K [0x00000000e0000000, 0x00000000f5900000, 0x0000000100000000)
  eden space 248832K, 100% used [0x00000000e0000000,0x00000000ef300000,0x00000000ef300000)
  from space 23552K, 73% used [0x00000000ef300000,0x00000000f0400fd0,0x00000000f0a00000)
  to   space 25088K, 0% used [0x00000000f4080000,0x00000000f4080000,0x00000000f5900000)
 ParOldGen       total 117248K, used 44453K [0x00000000a0000000, 0x00000000a7280000, 0x00000000e0000000)
  object space 117248K, 37% used [0x00000000a0000000,0x00000000a2b69730,0x00000000a7280000)
 Metaspace       used 72277K, capacity 75728K, committed 75928K, reserved 1114112K
  class space    used 9718K, capacity 10377K, committed 10416K, reserved 1048576K
Event: 41.465 GC heap after
Heap after GC invocations=19 (full 3):
 PSYoungGen      total 314880K, used 11406K [0x00000000e0000000, 0x00000000f5180000, 0x0000000100000000)
  eden space 297472K, 0% used [0x00000000e0000000,0x00000000e0000000,0x00000000f2280000)
  from space 17408K, 65% used [0x00000000f4080000,0x00000000f4ba38e8,0x00000000f5180000)
  to   space 24064K, 0% used [0x00000000f2280000,0x00000000f2280000,0x00000000f3a00000)
 ParOldGen       total 117248K, used 44461K [0x00000000a0000000, 0x00000000a7280000, 0x00000000e0000000)
  object space 117248K, 37% used [0x00000000a0000000,0x00000000a2b6b730,0x00000000a7280000)
 Metaspace       used 72277K, capacity 75728K, committed 75928K, reserved 1114112K
  class space    used 9718K, capacity 10377K, committed 10416K, reserved 1048576K
}
Event: 48.721 GC heap before
{Heap before GC invocations=20 (full 3):
 PSYoungGen      total 314880K, used 308878K [0x00000000e0000000, 0x00000000f5180000, 0x0000000100000000)
  eden space 297472K, 100% used [0x00000000e0000000,0x00000000f2280000,0x00000000f2280000)
  from space 17408K, 65% used [0x00000000f4080000,0x00000000f4ba38e8,0x00000000f5180000)
  to   space 24064K, 0% used [0x00000000f2280000,0x00000000f2280000,0x00000000f3a00000)
 ParOldGen       total 117248K, used 44461K [0x00000000a0000000, 0x00000000a7280000, 0x00000000e0000000)
  object space 117248K, 37% used [0x00000000a0000000,0x00000000a2b6b730,0x00000000a7280000)
 Metaspace       used 78353K, capacity 81840K, committed 82072K, reserved 1120256K
  class space    used 10417K, capacity 11064K, committed 11184K, reserved 1048576K
Event: 48.805 GC heap after
Heap after GC invocations=20 (full 3):
 PSYoungGen      total 321536K, used 24042K [0x00000000e0000000, 0x00000000f8c00000, 0x0000000100000000)
  eden space 297472K, 0% used [0x00000000e0000000,0x00000000e0000000,0x00000000f2280000)
  from space 24064K, 99% used [0x00000000f2280000,0x00000000f39fab00,0x00000000f3a00000)
  to   space 34304K, 0% used [0x00000000f6a80000,0x00000000f6a80000,0x00000000f8c00000)
 ParOldGen       total 117248K, used 61149K [0x00000000a0000000, 0x00000000a7280000, 0x00000000e0000000)
  object space 117248K, 52% used [0x00000000a0000000,0x00000000a3bb7520,0x00000000a7280000)
 Metaspace       used 78353K, capacity 81840K, committed 82072K, reserved 1120256K
  class space    used 10417K, capacity 11064K, committed 11184K, reserved 1048576K
}
Event: 58.822 GC heap before
{Heap before GC invocations=21 (full 3):
 PSYoungGen      total 321536K, used 321514K [0x00000000e0000000, 0x00000000f8c00000, 0x0000000100000000)
  eden space 297472K, 100% used [0x00000000e0000000,0x00000000f2280000,0x00000000f2280000)
  from space 24064K, 99% used [0x00000000f2280000,0x00000000f39fab00,0x00000000f3a00000)
  to   space 34304K, 0% used [0x00000000f6a80000,0x00000000f6a80000,0x00000000f8c00000)
 ParOldGen       total 117248K, used 61149K [0x00000000a0000000, 0x00000000a7280000, 0x00000000e0000000)
  object space 117248K, 52% used [0x00000000a0000000,0x00000000a3bb7520,0x00000000a7280000)
 Metaspace       used 81396K, capacity 85002K, committed 85272K, reserved 1124352K
  class space    used 10597K, capacity 11261K, committed 11312K, reserved 1048576K
Event: 58.953 GC heap after
Heap after GC invocations=21 (full 3):
 PSYoungGen      total 359424K, used 34299K [0x00000000e0000000, 0x00000000fa480000, 0x0000000100000000)
  eden space 325120K, 0% used [0x00000000e0000000,0x00000000e0000000,0x00000000f3d80000)
  from space 34304K, 99% used [0x00000000f6a80000,0x00000000f8bfef90,0x00000000f8c00000)
  to   space 46080K, 0% used [0x00000000f3d80000,0x00000000f3d80000,0x00000000f6a80000)
 ParOldGen       total 117248K, used 78662K [0x00000000a0000000, 0x00000000a7280000, 0x00000000e0000000)
  object space 117248K, 67% used [0x00000000a0000000,0x00000000a4cd1bb0,0x00000000a7280000)
 Metaspace       used 81396K, capacity 85002K, committed 85272K, reserved 1124352K
  class space    used 10597K, capacity 11261K, committed 11312K, reserved 1048576K
}
Event: 64.180 GC heap before
{Heap before GC invocations=22 (full 3):
 PSYoungGen      total 359424K, used 359419K [0x00000000e0000000, 0x00000000fa480000, 0x0000000100000000)
  eden space 325120K, 100% used [0x00000000e0000000,0x00000000f3d80000,0x00000000f3d80000)
  from space 34304K, 99% used [0x00000000f6a80000,0x00000000f8bfef90,0x00000000f8c00000)
  to   space 46080K, 0% used [0x00000000f3d80000,0x00000000f3d80000,0x00000000f6a80000)
 ParOldGen       total 117248K, used 78662K [0x00000000a0000000, 0x00000000a7280000, 0x00000000e0000000)
  object space 117248K, 67% used [0x00000000a0000000,0x00000000a4cd1bb0,0x00000000a7280000)
 Metaspace       used 91755K, capacity 96672K, committed 96920K, reserved 1132544K
  class space    used 12054K, capacity 12964K, committed 12976K, reserved 1048576K
Event: 64.285 GC heap after
Heap after GC invocations=22 (full 3):
 PSYoungGen      total 371200K, used 41775K [0x00000000e0000000, 0x00000000fd500000, 0x0000000100000000)
  eden space 325120K, 0% used [0x00000000e0000000,0x00000000e0000000,0x00000000f3d80000)
  from space 46080K, 90% used [0x00000000f3d80000,0x00000000f664bd30,0x00000000f6a80000)
  to   space 52736K, 0% used [0x00000000fa180000,0x00000000fa180000,0x00000000fd500000)
 ParOldGen       total 117248K, used 92358K [0x00000000a0000000, 0x00000000a7280000, 0x00000000e0000000)
  object space 117248K, 78% used [0x00000000a0000000,0x00000000a5a31870,0x00000000a7280000)
 Metaspace       used 91755K, capacity 96672K, committed 96920K, reserved 1132544K
  class space    used 12054K, capacity 12964K, committed 12976K, reserved 1048576K
}
Event: 66.614 GC heap before
{Heap before GC invocations=23 (full 3):
 PSYoungGen      total 371200K, used 366895K [0x00000000e0000000, 0x00000000fd500000, 0x0000000100000000)
  eden space 325120K, 100% used [0x00000000e0000000,0x00000000f3d80000,0x00000000f3d80000)
  from space 46080K, 90% used [0x00000000f3d80000,0x00000000f664bd30,0x00000000f6a80000)
  to   space 52736K, 0% used [0x00000000fa180000,0x00000000fa180000,0x00000000fd500000)
 ParOldGen       total 117248K, used 92358K [0x00000000a0000000, 0x00000000a7280000, 0x00000000e0000000)
  object space 117248K, 78% used [0x00000000a0000000,0x00000000a5a31870,0x00000000a7280000)
 Metaspace       used 92058K, capacity 97100K, committed 97304K, reserved 1134592K
  class space    used 12080K, capacity 12982K, committed 13104K, reserved 1048576K

