# JRE version: OpenJDK Runtime Environment (8.0_242-b01) (build 1.8.0_242-release-1644-b01)
# Java VM: OpenJDK 64-Bit Server VM (25.242-b01 mixed mode windows-amd64 compressed oops)
Heap:
 PSYoungGen      total 437248K, used 14072K [0x00000000e0000000, 0x00000000ff880000, 0x0000000100000000)
  eden space 368128K, 1% used [0x00000000e0000000,0x00000000e05b3e48,0x00000000f6780000)
  from space 69120K, 11% used [0x00000000fb500000,0x00000000fbd0a548,0x00000000ff880000)
  to   space 74240K, 0% used [0x00000000f6780000,0x00000000f6780000,0x00000000fb000000)
 ParOldGen       total 338432K, used 168430K [0x00000000a0000000, 0x00000000b4a80000, 0x00000000e0000000)
  object space 338432K, 49% used [0x00000000a0000000,0x00000000aa47ba08,0x00000000b4a80000)
 Metaspace       used 107038K, capacity 115872K, committed 115992K, reserved 1150976K
  class space    used 13420K, capacity 14822K, committed 14896K, reserved 1048576K
GC Heap History (10 events):
Event: 10244.277 GC heap before
{Heap before GC invocations=107 (full 9):
 PSYoungGen      total 452096K, used 426393K [0x00000000e0000000, 0x0000000100000000, 0x0000000100000000)
  eden space 389120K, 100% used [0x00000000e0000000,0x00000000f7c00000,0x00000000f7c00000)
  from space 62976K, 59% used [0x00000000f7c00000,0x00000000fa066780,0x00000000fb980000)
  to   space 65536K, 0% used [0x00000000fc000000,0x00000000fc000000,0x0000000100000000)
 ParOldGen       total 338432K, used 105976K [0x00000000a0000000, 0x00000000b4a80000, 0x00000000e0000000)
  object space 338432K, 31% used [0x00000000a0000000,0x00000000a677e210,0x00000000b4a80000)
 Metaspace       used 106802K, capacity 115614K, committed 115992K, reserved 1150976K
  class space    used 13405K, capacity 14801K, committed 14896K, reserved 1048576K
Event: 10245.069 GC heap after
Heap after GC invocations=107 (full 9):
 PSYoungGen      total 415744K, used 65530K [0x00000000e0000000, 0x0000000100000000, 0x0000000100000000)
  eden space 350208K, 0% used [0x00000000e0000000,0x00000000e0000000,0x00000000f5600000)
  from space 65536K, 99% used [0x00000000fc000000,0x00000000ffffe990,0x0000000100000000)
  to   space 87040K, 0% used [0x00000000f5600000,0x00000000f5600000,0x00000000fab00000)
 ParOldGen       total 338432K, used 132483K [0x00000000a0000000, 0x00000000b4a80000, 0x00000000e0000000)
  object space 338432K, 39% used [0x00000000a0000000,0x00000000a8160f18,0x00000000b4a80000)
 Metaspace       used 106802K, capacity 115614K, committed 115992K, reserved 1150976K
  class space    used 13405K, capacity 14801K, committed 14896K, reserved 1048576K
}
Event: 10494.073 GC heap before
{Heap before GC invocations=108 (full 9):
 PSYoungGen      total 415744K, used 415738K [0x00000000e0000000, 0x0000000100000000, 0x0000000100000000)
  eden space 350208K, 100% used [0x00000000e0000000,0x00000000f5600000,0x00000000f5600000)
  from space 65536K, 99% used [0x00000000fc000000,0x00000000ffffe990,0x0000000100000000)
  to   space 87040K, 0% used [0x00000000f5600000,0x00000000f5600000,0x00000000fab00000)
 ParOldGen       total 338432K, used 132483K [0x00000000a0000000, 0x00000000b4a80000, 0x00000000e0000000)
  object space 338432K, 39% used [0x00000000a0000000,0x00000000a8160f18,0x00000000b4a80000)
 Metaspace       used 106854K, capacity 115632K, committed 115992K, reserved 1150976K
  class space    used 13407K, capacity 14804K, committed 14896K, reserved 1048576K
Event: 10494.828 GC heap after
Heap after GC invocations=108 (full 9):
 PSYoungGen      total 437248K, used 18054K [0x00000000e0000000, 0x0000000100000000, 0x0000000100000000)
  eden space 350208K, 0% used [0x00000000e0000000,0x00000000e0000000,0x00000000f5600000)
  from space 87040K, 20% used [0x00000000f5600000,0x00000000f67a1bf0,0x00000000fab00000)
  to   space 82944K, 0% used [0x00000000faf00000,0x00000000faf00000,0x0000000100000000)
 ParOldGen       total 338432K, used 163373K [0x00000000a0000000, 0x00000000b4a80000, 0x00000000e0000000)
  object space 338432K, 48% used [0x00000000a0000000,0x00000000a9f8b798,0x00000000b4a80000)
 Metaspace       used 106854K, capacity 115632K, committed 115992K, reserved 1150976K
  class space    used 13407K, capacity 14804K, committed 14896K, reserved 1048576K
}
Event: 18856.158 GC heap before
{Heap before GC invocations=109 (full 9):
 PSYoungGen      total 437248K, used 368262K [0x00000000e0000000, 0x0000000100000000, 0x0000000100000000)
  eden space 350208K, 100% used [0x00000000e0000000,0x00000000f5600000,0x00000000f5600000)
  from space 87040K, 20% used [0x00000000f5600000,0x00000000f67a1bf0,0x00000000fab00000)
  to   space 82944K, 0% used [0x00000000faf00000,0x00000000faf00000,0x0000000100000000)
 ParOldGen       total 338432K, used 163373K [0x00000000a0000000, 0x00000000b4a80000, 0x00000000e0000000)
  object space 338432K, 48% used [0x00000000a0000000,0x00000000a9f8b798,0x00000000b4a80000)
 Metaspace       used 106909K, capacity 115636K, committed 115992K, reserved 1150976K
  class space    used 13409K, capacity 14804K, committed 14896K, reserved 1048576K
Event: 18856.621 GC heap after
Heap after GC invocations=109 (full 9):
 PSYoungGen      total 425984K, used 15515K [0x00000000e0000000, 0x00000000ff500000, 0x0000000100000000)
  eden space 354304K, 0% used [0x00000000e0000000,0x00000000e0000000,0x00000000f5a00000)
  from space 71680K, 21% used [0x00000000faf00000,0x00000000fbe26d48,0x00000000ff500000)
  to   space 79360K, 0% used [0x00000000f5a00000,0x00000000f5a00000,0x00000000fa780000)
 ParOldGen       total 338432K, used 164075K [0x00000000a0000000, 0x00000000b4a80000, 0x00000000e0000000)
  object space 338432K, 48% used [0x00000000a0000000,0x00000000aa03adb8,0x00000000b4a80000)
 Metaspace       used 106909K, capacity 115636K, committed 115992K, reserved 1150976K
  class space    used 13409K, capacity 14804K, committed 14896K, reserved 1048576K
}
Event: 19636.235 GC heap before
{Heap before GC invocations=110 (full 9):
 PSYoungGen      total 425984K, used 369819K [0x00000000e0000000, 0x00000000ff500000, 0x0000000100000000)
  eden space 354304K, 100% used [0x00000000e0000000,0x00000000f5a00000,0x00000000f5a00000)
  from space 71680K, 21% used [0x00000000faf00000,0x00000000fbe26d48,0x00000000ff500000)
  to   space 79360K, 0% used [0x00000000f5a00000,0x00000000f5a00000,0x00000000fa780000)
 ParOldGen       total 338432K, used 164075K [0x00000000a0000000, 0x00000000b4a80000, 0x00000000e0000000)
  object space 338432K, 48% used [0x00000000a0000000,0x00000000aa03adb8,0x00000000b4a80000)
 Metaspace       used 106967K, capacity 115794K, committed 115992K, reserved 1150976K
  class space    used 13412K, capacity 14809K, committed 14896K, reserved 1048576K
Event: 19636.555 GC heap after
Heap after GC invocations=110 (full 9):
 PSYoungGen      total 433664K, used 11987K [0x00000000e0000000, 0x0000000100000000, 0x0000000100000000)
  eden space 354304K, 0% used [0x00000000e0000000,0x00000000e0000000,0x00000000f5a00000)
  from space 79360K, 15% used [0x00000000f5a00000,0x00000000f65b4f50,0x00000000fa780000)
  to   space 76800K, 0% used [0x00000000fb500000,0x00000000fb500000,0x0000000100000000)
 ParOldGen       total 338432K, used 166188K [0x00000000a0000000, 0x00000000b4a80000, 0x00000000e0000000)
  object space 338432K, 49% used [0x00000000a0000000,0x00000000aa24b380,0x00000000b4a80000)
 Metaspace       used 106967K, capacity 115794K, committed 115992K, reserved 1150976K
  class space    used 13412K, capacity 14809K, committed 14896K, reserved 1048576K
}
Event: 23387.566 GC heap before
{Heap before GC invocations=111 (full 9):
 PSYoungGen      total 433664K, used 366291K [0x00000000e0000000, 0x0000000100000000, 0x0000000100000000)
  eden space 354304K, 100% used [0x00000000e0000000,0x00000000f5a00000,0x00000000f5a00000)
  from space 79360K, 15% used [0x00000000f5a00000,0x00000000f65b4f50,0x00000000fa780000)
  to   space 76800K, 0% used [0x00000000fb500000,0x00000000fb500000,0x0000000100000000)
 ParOldGen       total 338432K, used 166188K [0x00000000a0000000, 0x00000000b4a80000, 0x00000000e0000000)
  object space 338432K, 49% used [0x00000000a0000000,0x00000000aa24b380,0x00000000b4a80000)
 Metaspace       used 106986K, capacity 115794K, committed 115992K, reserved 1150976K
  class space    used 13413K, capacity 14809K, committed 14896K, reserved 1048576K
Event: 23387.972 GC heap after
Heap after GC invocations=111 (full 9):
 PSYoungGen      total 437248K, used 8233K [0x00000000e0000000, 0x00000000ff880000, 0x0000000100000000)
  eden space 368128K, 0% used [0x00000000e0000000,0x00000000e0000000,0x00000000f6780000)
  from space 69120K, 11% used [0x00000000fb500000,0x00000000fbd0a548,0x00000000ff880000)
  to   space 74240K, 0% used [0x00000000f6780000,0x00000000f6780000,0x00000000fb000000)
 ParOldGen       total 338432K, used 168430K [0x00000000a0000000, 0x00000000b4a80000, 0x00000000e0000000)
  object space 338432K, 49% used [0x00000000a0000000,0x00000000aa47ba08,0x00000000b4a80000)
 Metaspace       used 106986K, capacity 115794K, committed 115992K, reserved 1150976K
  class space    used 13413K, capacity 14809K, committed 14896K, reserved 1048576K
}

