# JRE version: OpenJDK Runtime Environment (8.0_242-b01) (build 1.8.0_242-release-1644-b01)
# Java VM: OpenJDK 64-Bit Server VM (25.242-b01 mixed mode windows-amd64 compressed oops)
Heap:
 PSYoungGen      total 489984K, used 11507K [0x00000000e0000000, 0x00000000ffe00000, 0x0000000100000000)
  eden space 457728K, 0% used [0x00000000e0000000,0x00000000e0000000,0x00000000fbf00000)
  from space 32256K, 35% used [0x00000000fde80000,0x00000000fe9bcec0,0x00000000ffe00000)
  to   space 32256K, 0% used [0x00000000fbf00000,0x00000000fbf00000,0x00000000fde80000)
 ParOldGen       total 207872K, used 193138K [0x00000000a0000000, 0x00000000acb00000, 0x00000000e0000000)
  object space 207872K, 92% used [0x00000000a0000000,0x00000000abc9c868,0x00000000acb00000)
 Metaspace       used 94025K, capacity 98398K, committed 99496K, reserved 1136640K
  class space    used 12126K, capacity 12956K, committed 13232K, reserved 1048576K
GC Heap History (10 events):
Event: 11035.052 GC heap after
Heap after GC invocations=34 (full 4):
 PSYoungGen      total 485376K, used 9275K [0x00000000e0000000, 0x00000000ffe80000, 0x0000000100000000)
  eden space 449024K, 0% used [0x00000000e0000000,0x00000000e0000000,0x00000000fb680000)
  from space 36352K, 25% used [0x00000000fdb00000,0x00000000fe40ec48,0x00000000ffe80000)
  to   space 36864K, 0% used [0x00000000fb680000,0x00000000fb680000,0x00000000fda80000)
 ParOldGen       total 207872K, used 165277K [0x00000000a0000000, 0x00000000acb00000, 0x00000000e0000000)
  object space 207872K, 79% used [0x00000000a0000000,0x00000000aa167768,0x00000000acb00000)
 Metaspace       used 93945K, capacity 98314K, committed 99496K, reserved 1136640K
  class space    used 12125K, capacity 12956K, committed 13232K, reserved 1048576K
}
Event: 11037.914 GC heap before
{Heap before GC invocations=35 (full 4):
 PSYoungGen      total 485376K, used 458299K [0x00000000e0000000, 0x00000000ffe80000, 0x0000000100000000)
  eden space 449024K, 100% used [0x00000000e0000000,0x00000000fb680000,0x00000000fb680000)
  from space 36352K, 25% used [0x00000000fdb00000,0x00000000fe40ec48,0x00000000ffe80000)
  to   space 36864K, 0% used [0x00000000fb680000,0x00000000fb680000,0x00000000fda80000)
 ParOldGen       total 207872K, used 165277K [0x00000000a0000000, 0x00000000acb00000, 0x00000000e0000000)
  object space 207872K, 79% used [0x00000000a0000000,0x00000000aa167768,0x00000000acb00000)
 Metaspace       used 93976K, capacity 98318K, committed 99496K, reserved 1136640K
  class space    used 12125K, capacity 12956K, committed 13232K, reserved 1048576K
Event: 11037.968 GC heap after
Heap after GC invocations=35 (full 4):
 PSYoungGen      total 485888K, used 16492K [0x00000000e0000000, 0x00000000ffd80000, 0x0000000100000000)
  eden space 449024K, 0% used [0x00000000e0000000,0x00000000e0000000,0x00000000fb680000)
  from space 36864K, 44% used [0x00000000fb680000,0x00000000fc69b1d0,0x00000000fda80000)
  to   space 35328K, 0% used [0x00000000fdb00000,0x00000000fdb00000,0x00000000ffd80000)
 ParOldGen       total 207872K, used 168600K [0x00000000a0000000, 0x00000000acb00000, 0x00000000e0000000)
  object space 207872K, 81% used [0x00000000a0000000,0x00000000aa4a6050,0x00000000acb00000)
 Metaspace       used 93976K, capacity 98318K, committed 99496K, reserved 1136640K
  class space    used 12125K, capacity 12956K, committed 13232K, reserved 1048576K
}
Event: 11040.690 GC heap before
{Heap before GC invocations=36 (full 4):
 PSYoungGen      total 485888K, used 465516K [0x00000000e0000000, 0x00000000ffd80000, 0x0000000100000000)
  eden space 449024K, 100% used [0x00000000e0000000,0x00000000fb680000,0x00000000fb680000)
  from space 36864K, 44% used [0x00000000fb680000,0x00000000fc69b1d0,0x00000000fda80000)
  to   space 35328K, 0% used [0x00000000fdb00000,0x00000000fdb00000,0x00000000ffd80000)
 ParOldGen       total 207872K, used 168600K [0x00000000a0000000, 0x00000000acb00000, 0x00000000e0000000)
  object space 207872K, 81% used [0x00000000a0000000,0x00000000aa4a6050,0x00000000acb00000)
 Metaspace       used 93995K, capacity 98386K, committed 99496K, reserved 1136640K
  class space    used 12125K, capacity 12956K, committed 13232K, reserved 1048576K
Event: 11040.802 GC heap after
Heap after GC invocations=36 (full 4):
 PSYoungGen      total 485376K, used 18612K [0x00000000e0000000, 0x00000000ffb80000, 0x0000000100000000)
  eden space 452096K, 0% used [0x00000000e0000000,0x00000000e0000000,0x00000000fb980000)
  from space 33280K, 55% used [0x00000000fdb00000,0x00000000fed2d360,0x00000000ffb80000)
  to   space 33792K, 0% used [0x00000000fb980000,0x00000000fb980000,0x00000000fda80000)
 ParOldGen       total 207872K, used 173168K [0x00000000a0000000, 0x00000000acb00000, 0x00000000e0000000)
  object space 207872K, 83% used [0x00000000a0000000,0x00000000aa91c310,0x00000000acb00000)
 Metaspace       used 93995K, capacity 98386K, committed 99496K, reserved 1136640K
  class space    used 12125K, capacity 12956K, committed 13232K, reserved 1048576K
}
Event: 11043.398 GC heap before
{Heap before GC invocations=37 (full 4):
 PSYoungGen      total 485376K, used 470708K [0x00000000e0000000, 0x00000000ffb80000, 0x0000000100000000)
  eden space 452096K, 100% used [0x00000000e0000000,0x00000000fb980000,0x00000000fb980000)
  from space 33280K, 55% used [0x00000000fdb00000,0x00000000fed2d360,0x00000000ffb80000)
  to   space 33792K, 0% used [0x00000000fb980000,0x00000000fb980000,0x00000000fda80000)
 ParOldGen       total 207872K, used 173168K [0x00000000a0000000, 0x00000000acb00000, 0x00000000e0000000)
  object space 207872K, 83% used [0x00000000a0000000,0x00000000aa91c310,0x00000000acb00000)
 Metaspace       used 94015K, capacity 98394K, committed 99496K, reserved 1136640K
  class space    used 12126K, capacity 12956K, committed 13232K, reserved 1048576K
Event: 11043.460 GC heap after
Heap after GC invocations=37 (full 4):
 PSYoungGen      total 485888K, used 19465K [0x00000000e0000000, 0x00000000ffe80000, 0x0000000100000000)
  eden space 452096K, 0% used [0x00000000e0000000,0x00000000e0000000,0x00000000fb980000)
  from space 33792K, 57% used [0x00000000fb980000,0x00000000fcc82430,0x00000000fda80000)
  to   space 32768K, 0% used [0x00000000fde80000,0x00000000fde80000,0x00000000ffe80000)
 ParOldGen       total 207872K, used 183460K [0x00000000a0000000, 0x00000000acb00000, 0x00000000e0000000)
  object space 207872K, 88% used [0x00000000a0000000,0x00000000ab329210,0x00000000acb00000)
 Metaspace       used 94015K, capacity 98394K, committed 99496K, reserved 1136640K
  class space    used 12126K, capacity 12956K, committed 13232K, reserved 1048576K
}
Event: 11046.038 GC heap before
{Heap before GC invocations=38 (full 4):
 PSYoungGen      total 485888K, used 471561K [0x00000000e0000000, 0x00000000ffe80000, 0x0000000100000000)
  eden space 452096K, 100% used [0x00000000e0000000,0x00000000fb980000,0x00000000fb980000)
  from space 33792K, 57% used [0x00000000fb980000,0x00000000fcc82430,0x00000000fda80000)
  to   space 32768K, 0% used [0x00000000fde80000,0x00000000fde80000,0x00000000ffe80000)
 ParOldGen       total 207872K, used 183460K [0x00000000a0000000, 0x00000000acb00000, 0x00000000e0000000)
  object space 207872K, 88% used [0x00000000a0000000,0x00000000ab329210,0x00000000acb00000)
 Metaspace       used 94025K, capacity 98398K, committed 99496K, reserved 1136640K
  class space    used 12126K, capacity 12956K, committed 13232K, reserved 1048576K
Event: 11046.081 GC heap after
Heap after GC invocations=38 (full 4):
 PSYoungGen      total 489984K, used 11507K [0x00000000e0000000, 0x00000000ffe00000, 0x0000000100000000)
  eden space 457728K, 0% used [0x00000000e0000000,0x00000000e0000000,0x00000000fbf00000)
  from space 32256K, 35% used [0x00000000fde80000,0x00000000fe9bcec0,0x00000000ffe00000)
  to   space 32256K, 0% used [0x00000000fbf00000,0x00000000fbf00000,0x00000000fde80000)
 ParOldGen       total 207872K, used 193138K [0x00000000a0000000, 0x00000000acb00000, 0x00000000e0000000)
  object space 207872K, 92% used [0x00000000a0000000,0x00000000abc9c868,0x00000000acb00000)
 Metaspace       used 94025K, capacity 98398K, committed 99496K, reserved 1136640K
  class space    used 12126K, capacity 12956K, committed 13232K, reserved 1048576K
}
Event: 11046.081 GC heap before
{Heap before GC invocations=39 (full 5):
 PSYoungGen      total 489984K, used 11507K [0x00000000e0000000, 0x00000000ffe00000, 0x0000000100000000)
  eden space 457728K, 0% used [0x00000000e0000000,0x00000000e0000000,0x00000000fbf00000)
  from space 32256K, 35% used [0x00000000fde80000,0x00000000fe9bcec0,0x00000000ffe00000)
  to   space 32256K, 0% used [0x00000000fbf00000,0x00000000fbf00000,0x00000000fde80000)
 ParOldGen       total 207872K, used 193138K [0x00000000a0000000, 0x00000000acb00000, 0x00000000e0000000)
  object space 207872K, 92% used [0x00000000a0000000,0x00000000abc9c868,0x00000000acb00000)
 Metaspace       used 94025K, capacity 98398K, committed 99496K, reserved 1136640K
  class space    used 12126K, capacity 12956K, committed 13232K, reserved 1048576K

