# JRE version: OpenJDK Runtime Environment (8.0_242-b01) (build 1.8.0_242-release-1644-b01)
# Java VM: OpenJDK 64-Bit Server VM (25.242-b01 mixed mode windows-amd64 compressed oops)
Heap:
 PSYoungGen      total 482304K, used 297926K [0x00000000e0000000, 0x0000000100000000, 0x0000000100000000)
  eden space 445440K, 60% used [0x00000000e0000000,0x00000000f056d6c0,0x00000000fb300000)
  from space 36864K, 81% used [0x00000000fdc00000,0x00000000ff9842d8,0x0000000100000000)
  to   space 39424K, 0% used [0x00000000fb300000,0x00000000fb300000,0x00000000fd980000)
 ParOldGen       total 192000K, used 120454K [0x00000000a0000000, 0x00000000abb80000, 0x00000000e0000000)
  object space 192000K, 62% used [0x00000000a0000000,0x00000000a75a1a38,0x00000000abb80000)
 Metaspace       used 87187K, capacity 91490K, committed 91696K, reserved 1128448K
  class space    used 11441K, capacity 12290K, committed 12336K, reserved 1048576K
GC Heap History (10 events):
Event: 93.635 GC heap before
{Heap before GC invocations=30 (full 4):
 PSYoungGen      total 483840K, used 483510K [0x00000000e0000000, 0x0000000100000000, 0x0000000100000000)
  eden space 454656K, 100% used [0x00000000e0000000,0x00000000fbc00000,0x00000000fbc00000)
  from space 29184K, 98% used [0x00000000fbc00000,0x00000000fd82d8a0,0x00000000fd880000)
  to   space 37376K, 0% used [0x00000000fdb80000,0x00000000fdb80000,0x0000000100000000)
 ParOldGen       total 192000K, used 107632K [0x00000000a0000000, 0x00000000abb80000, 0x00000000e0000000)
  object space 192000K, 56% used [0x00000000a0000000,0x00000000a691c338,0x00000000abb80000)
 Metaspace       used 86909K, capacity 91266K, committed 91440K, reserved 1128448K
  class space    used 11423K, capacity 12286K, committed 12336K, reserved 1048576K
Event: 93.705 GC heap after
Heap after GC invocations=30 (full 4):
 PSYoungGen      total 486912K, used 22536K [0x00000000e0000000, 0x0000000100000000, 0x0000000100000000)
  eden space 449536K, 0% used [0x00000000e0000000,0x00000000e0000000,0x00000000fb700000)
  from space 37376K, 60% used [0x00000000fdb80000,0x00000000ff182218,0x0000000100000000)
  to   space 37376K, 0% used [0x00000000fb700000,0x00000000fb700000,0x00000000fdb80000)
 ParOldGen       total 192000K, used 114160K [0x00000000a0000000, 0x00000000abb80000, 0x00000000e0000000)
  object space 192000K, 59% used [0x00000000a0000000,0x00000000a6f7c038,0x00000000abb80000)
 Metaspace       used 86909K, capacity 91266K, committed 91440K, reserved 1128448K
  class space    used 11423K, capacity 12286K, committed 12336K, reserved 1048576K
}
Event: 96.703 GC heap before
{Heap before GC invocations=31 (full 4):
 PSYoungGen      total 486912K, used 472072K [0x00000000e0000000, 0x0000000100000000, 0x0000000100000000)
  eden space 449536K, 100% used [0x00000000e0000000,0x00000000fb700000,0x00000000fb700000)
  from space 37376K, 60% used [0x00000000fdb80000,0x00000000ff182218,0x0000000100000000)
  to   space 37376K, 0% used [0x00000000fb700000,0x00000000fb700000,0x00000000fdb80000)
 ParOldGen       total 192000K, used 114160K [0x00000000a0000000, 0x00000000abb80000, 0x00000000e0000000)
  object space 192000K, 59% used [0x00000000a0000000,0x00000000a6f7c038,0x00000000abb80000)
 Metaspace       used 86976K, capacity 91334K, committed 91696K, reserved 1128448K
  class space    used 11429K, capacity 12286K, committed 12336K, reserved 1048576K
Event: 96.763 GC heap after
Heap after GC invocations=31 (full 4):
 PSYoungGen      total 465920K, used 16189K [0x00000000e0000000, 0x00000000ffd00000, 0x0000000100000000)
  eden space 449536K, 0% used [0x00000000e0000000,0x00000000e0000000,0x00000000fb700000)
  from space 16384K, 98% used [0x00000000fb700000,0x00000000fc6cf748,0x00000000fc700000)
  to   space 35840K, 0% used [0x00000000fda00000,0x00000000fda00000,0x00000000ffd00000)
 ParOldGen       total 192000K, used 118344K [0x00000000a0000000, 0x00000000abb80000, 0x00000000e0000000)
  object space 192000K, 61% used [0x00000000a0000000,0x00000000a7392140,0x00000000abb80000)
 Metaspace       used 86976K, capacity 91334K, committed 91696K, reserved 1128448K
  class space    used 11429K, capacity 12286K, committed 12336K, reserved 1048576K
}
Event: 106.473 GC heap before
{Heap before GC invocations=32 (full 4):
 PSYoungGen      total 465920K, used 465725K [0x00000000e0000000, 0x00000000ffd00000, 0x0000000100000000)
  eden space 449536K, 100% used [0x00000000e0000000,0x00000000fb700000,0x00000000fb700000)
  from space 16384K, 98% used [0x00000000fb700000,0x00000000fc6cf748,0x00000000fc700000)
  to   space 35840K, 0% used [0x00000000fda00000,0x00000000fda00000,0x00000000ffd00000)
 ParOldGen       total 192000K, used 118344K [0x00000000a0000000, 0x00000000abb80000, 0x00000000e0000000)
  object space 192000K, 61% used [0x00000000a0000000,0x00000000a7392140,0x00000000abb80000)
 Metaspace       used 87054K, capacity 91346K, committed 91696K, reserved 1128448K
  class space    used 11437K, capacity 12288K, committed 12336K, reserved 1048576K
Event: 106.534 GC heap after
Heap after GC invocations=32 (full 4):
 PSYoungGen      total 485888K, used 8747K [0x00000000e0000000, 0x0000000100000000, 0x0000000100000000)
  eden space 450048K, 0% used [0x00000000e0000000,0x00000000e0000000,0x00000000fb780000)
  from space 35840K, 24% used [0x00000000fda00000,0x00000000fe28acd8,0x00000000ffd00000)
  to   space 35328K, 0% used [0x00000000fb780000,0x00000000fb780000,0x00000000fda00000)
 ParOldGen       total 192000K, used 120438K [0x00000000a0000000, 0x00000000abb80000, 0x00000000e0000000)
  object space 192000K, 62% used [0x00000000a0000000,0x00000000a759da38,0x00000000abb80000)
 Metaspace       used 87054K, capacity 91346K, committed 91696K, reserved 1128448K
  class space    used 11437K, capacity 12288K, committed 12336K, reserved 1048576K
}
Event: 111.431 GC heap before
{Heap before GC invocations=33 (full 4):
 PSYoungGen      total 485888K, used 458795K [0x00000000e0000000, 0x0000000100000000, 0x0000000100000000)
  eden space 450048K, 100% used [0x00000000e0000000,0x00000000fb780000,0x00000000fb780000)
  from space 35840K, 24% used [0x00000000fda00000,0x00000000fe28acd8,0x00000000ffd00000)
  to   space 35328K, 0% used [0x00000000fb780000,0x00000000fb780000,0x00000000fda00000)
 ParOldGen       total 192000K, used 120438K [0x00000000a0000000, 0x00000000abb80000, 0x00000000e0000000)
  object space 192000K, 62% used [0x00000000a0000000,0x00000000a759da38,0x00000000abb80000)
 Metaspace       used 87091K, capacity 91414K, committed 91696K, reserved 1128448K
  class space    used 11439K, capacity 12288K, committed 12336K, reserved 1048576K
Event: 111.522 GC heap after
Heap after GC invocations=33 (full 4):
 PSYoungGen      total 485376K, used 26030K [0x00000000e0000000, 0x0000000100000000, 0x0000000100000000)
  eden space 450048K, 0% used [0x00000000e0000000,0x00000000e0000000,0x00000000fb780000)
  from space 35328K, 73% used [0x00000000fb780000,0x00000000fd0ebac8,0x00000000fda00000)
  to   space 36864K, 0% used [0x00000000fdc00000,0x00000000fdc00000,0x0000000100000000)
 ParOldGen       total 192000K, used 120446K [0x00000000a0000000, 0x00000000abb80000, 0x00000000e0000000)
  object space 192000K, 62% used [0x00000000a0000000,0x00000000a759fa38,0x00000000abb80000)
 Metaspace       used 87091K, capacity 91414K, committed 91696K, reserved 1128448K
  class space    used 11439K, capacity 12288K, committed 12336K, reserved 1048576K
}
Event: 117.321 GC heap before
{Heap before GC invocations=34 (full 4):
 PSYoungGen      total 485376K, used 476078K [0x00000000e0000000, 0x0000000100000000, 0x0000000100000000)
  eden space 450048K, 100% used [0x00000000e0000000,0x00000000fb780000,0x00000000fb780000)
  from space 35328K, 73% used [0x00000000fb780000,0x00000000fd0ebac8,0x00000000fda00000)
  to   space 36864K, 0% used [0x00000000fdc00000,0x00000000fdc00000,0x0000000100000000)
 ParOldGen       total 192000K, used 120446K [0x00000000a0000000, 0x00000000abb80000, 0x00000000e0000000)
  object space 192000K, 62% used [0x00000000a0000000,0x00000000a759fa38,0x00000000abb80000)
 Metaspace       used 87181K, capacity 91490K, committed 91696K, reserved 1128448K
  class space    used 11441K, capacity 12290K, committed 12336K, reserved 1048576K
Event: 117.381 GC heap after
Heap after GC invocations=34 (full 4):
 PSYoungGen      total 482304K, used 30224K [0x00000000e0000000, 0x0000000100000000, 0x0000000100000000)
  eden space 445440K, 0% used [0x00000000e0000000,0x00000000e0000000,0x00000000fb300000)
  from space 36864K, 81% used [0x00000000fdc00000,0x00000000ff9842d8,0x0000000100000000)
  to   space 39424K, 0% used [0x00000000fb300000,0x00000000fb300000,0x00000000fd980000)
 ParOldGen       total 192000K, used 120454K [0x00000000a0000000, 0x00000000abb80000, 0x00000000e0000000)
  object space 192000K, 62% used [0x00000000a0000000,0x00000000a75a1a38,0x00000000abb80000)
 Metaspace       used 87181K, capacity 91490K, committed 91696K, reserved 1128448K
  class space    used 11441K, capacity 12290K, committed 12336K, reserved 1048576K
}

