# JRE version: OpenJDK Runtime Environment (8.0_242-b01) (build 1.8.0_242-release-1644-b01)
# Java VM: OpenJDK 64-Bit Server VM (25.242-b01 mixed mode windows-amd64 compressed oops)
Heap:
 PSYoungGen      total 151552K, used 143114K [0x00000000e0000000, 0x00000000ed400000, 0x0000000100000000)
  eden space 139264K, 93% used [0x00000000e0000000,0x00000000e7fc3f30,0x00000000e8800000)
  from space 12288K, 99% used [0x00000000e8800000,0x00000000e93febd0,0x00000000e9400000)
  to   space 15872K, 44% used [0x00000000ec480000,0x00000000ecb744c0,0x00000000ed400000)
 ParOldGen       total 77824K, used 28568K [0x00000000a0000000, 0x00000000a4c00000, 0x00000000e0000000)
  object space 77824K, 36% used [0x00000000a0000000,0x00000000a1be6398,0x00000000a4c00000)
 Metaspace       used 57194K, capacity 59104K, committed 59160K, reserved 1099776K
  class space    used 7840K, capacity 8317K, committed 8368K, reserved 1048576K
GC Heap History (10 events):
Event: 5.579 GC heap after
Heap after GC invocations=9 (full 1):
 PSYoungGen      total 110592K, used 7937K [0x00000000e0000000, 0x00000000e8c80000, 0x0000000100000000)
  eden space 102400K, 0% used [0x00000000e0000000,0x00000000e0000000,0x00000000e6400000)
  from space 8192K, 96% used [0x00000000e8480000,0x00000000e8c404a8,0x00000000e8c80000)
  to   space 10752K, 0% used [0x00000000e7780000,0x00000000e7780000,0x00000000e8200000)
 ParOldGen       total 53760K, used 7479K [0x00000000a0000000, 0x00000000a3480000, 0x00000000e0000000)
  object space 53760K, 13% used [0x00000000a0000000,0x00000000a074df50,0x00000000a3480000)
 Metaspace       used 28162K, capacity 28852K, committed 28976K, reserved 1075200K
  class space    used 3882K, capacity 4127K, committed 4144K, reserved 1048576K
}
Event: 7.218 GC heap before
{Heap before GC invocations=10 (full 1):
 PSYoungGen      total 110592K, used 110337K [0x00000000e0000000, 0x00000000e8c80000, 0x0000000100000000)
  eden space 102400K, 100% used [0x00000000e0000000,0x00000000e6400000,0x00000000e6400000)
  from space 8192K, 96% used [0x00000000e8480000,0x00000000e8c404a8,0x00000000e8c80000)
  to   space 10752K, 0% used [0x00000000e7780000,0x00000000e7780000,0x00000000e8200000)
 ParOldGen       total 53760K, used 7479K [0x00000000a0000000, 0x00000000a3480000, 0x00000000e0000000)
  object space 53760K, 13% used [0x00000000a0000000,0x00000000a074df50,0x00000000a3480000)
 Metaspace       used 33998K, capacity 34818K, committed 34864K, reserved 1079296K
  class space    used 4660K, capacity 4892K, committed 4912K, reserved 1048576K
Event: 7.234 GC heap after
Heap after GC invocations=10 (full 1):
 PSYoungGen      total 133120K, used 10727K [0x00000000e0000000, 0x00000000ea000000, 0x0000000100000000)
  eden space 122368K, 0% used [0x00000000e0000000,0x00000000e0000000,0x00000000e7780000)
  from space 10752K, 99% used [0x00000000e7780000,0x00000000e81f9f20,0x00000000e8200000)
  to   space 12288K, 0% used [0x00000000e9400000,0x00000000e9400000,0x00000000ea000000)
 ParOldGen       total 53760K, used 7720K [0x00000000a0000000, 0x00000000a3480000, 0x00000000e0000000)
  object space 53760K, 14% used [0x00000000a0000000,0x00000000a078a340,0x00000000a3480000)
 Metaspace       used 33998K, capacity 34818K, committed 34864K, reserved 1079296K
  class space    used 4660K, capacity 4892K, committed 4912K, reserved 1048576K
}
Event: 7.372 GC heap before
{Heap before GC invocations=11 (full 1):
 PSYoungGen      total 133120K, used 22085K [0x00000000e0000000, 0x00000000ea000000, 0x0000000100000000)
  eden space 122368K, 9% used [0x00000000e0000000,0x00000000e0b17788,0x00000000e7780000)
  from space 10752K, 99% used [0x00000000e7780000,0x00000000e81f9f20,0x00000000e8200000)
  to   space 12288K, 0% used [0x00000000e9400000,0x00000000e9400000,0x00000000ea000000)
 ParOldGen       total 53760K, used 7720K [0x00000000a0000000, 0x00000000a3480000, 0x00000000e0000000)
  object space 53760K, 14% used [0x00000000a0000000,0x00000000a078a340,0x00000000a3480000)
 Metaspace       used 34561K, capacity 35398K, committed 35496K, reserved 1079296K
  class space    used 4739K, capacity 4970K, committed 5040K, reserved 1048576K
Event: 7.385 GC heap after
Heap after GC invocations=11 (full 1):
 PSYoungGen      total 151552K, used 3841K [0x00000000e0000000, 0x00000000ec480000, 0x0000000100000000)
  eden space 139264K, 0% used [0x00000000e0000000,0x00000000e0000000,0x00000000e8800000)
  from space 12288K, 31% used [0x00000000e9400000,0x00000000e97c0740,0x00000000ea000000)
  to   space 12288K, 0% used [0x00000000e8800000,0x00000000e8800000,0x00000000e9400000)
 ParOldGen       total 53760K, used 10859K [0x00000000a0000000, 0x00000000a3480000, 0x00000000e0000000)
  object space 53760K, 20% used [0x00000000a0000000,0x00000000a0a9af20,0x00000000a3480000)
 Metaspace       used 34561K, capacity 35398K, committed 35496K, reserved 1079296K
  class space    used 4739K, capacity 4970K, committed 5040K, reserved 1048576K
}
Event: 7.385 GC heap before
{Heap before GC invocations=12 (full 2):
 PSYoungGen      total 151552K, used 3841K [0x00000000e0000000, 0x00000000ec480000, 0x0000000100000000)
  eden space 139264K, 0% used [0x00000000e0000000,0x00000000e0000000,0x00000000e8800000)
  from space 12288K, 31% used [0x00000000e9400000,0x00000000e97c0740,0x00000000ea000000)
  to   space 12288K, 0% used [0x00000000e8800000,0x00000000e8800000,0x00000000e9400000)
 ParOldGen       total 53760K, used 10859K [0x00000000a0000000, 0x00000000a3480000, 0x00000000e0000000)
  object space 53760K, 20% used [0x00000000a0000000,0x00000000a0a9af20,0x00000000a3480000)
 Metaspace       used 34561K, capacity 35398K, committed 35496K, reserved 1079296K
  class space    used 4739K, capacity 4970K, committed 5040K, reserved 1048576K
Event: 7.493 GC heap after
Heap after GC invocations=12 (full 2):
 PSYoungGen      total 151552K, used 0K [0x00000000e0000000, 0x00000000ec480000, 0x0000000100000000)
  eden space 139264K, 0% used [0x00000000e0000000,0x00000000e0000000,0x00000000e8800000)
  from space 12288K, 0% used [0x00000000e9400000,0x00000000e9400000,0x00000000ea000000)
  to   space 12288K, 0% used [0x00000000e8800000,0x00000000e8800000,0x00000000e9400000)
 ParOldGen       total 77824K, used 13700K [0x00000000a0000000, 0x00000000a4c00000, 0x00000000e0000000)
  object space 77824K, 17% used [0x00000000a0000000,0x00000000a0d611c8,0x00000000a4c00000)
 Metaspace       used 34561K, capacity 35398K, committed 35496K, reserved 1079296K
  class space    used 4739K, capacity 4970K, committed 5040K, reserved 1048576K
}
Event: 10.296 GC heap before
{Heap before GC invocations=13 (full 2):
 PSYoungGen      total 151552K, used 139264K [0x00000000e0000000, 0x00000000ec480000, 0x0000000100000000)
  eden space 139264K, 100% used [0x00000000e0000000,0x00000000e8800000,0x00000000e8800000)
  from space 12288K, 0% used [0x00000000e9400000,0x00000000e9400000,0x00000000ea000000)
  to   space 12288K, 0% used [0x00000000e8800000,0x00000000e8800000,0x00000000e9400000)
 ParOldGen       total 77824K, used 13700K [0x00000000a0000000, 0x00000000a4c00000, 0x00000000e0000000)
  object space 77824K, 17% used [0x00000000a0000000,0x00000000a0d611c8,0x00000000a4c00000)
 Metaspace       used 46068K, capacity 47554K, committed 47920K, reserved 1091584K
  class space    used 6221K, capacity 6585K, committed 6704K, reserved 1048576K
Event: 10.330 GC heap after
Heap after GC invocations=13 (full 2):
 PSYoungGen      total 151552K, used 12282K [0x00000000e0000000, 0x00000000ed400000, 0x0000000100000000)
  eden space 139264K, 0% used [0x00000000e0000000,0x00000000e0000000,0x00000000e8800000)
  from space 12288K, 99% used [0x00000000e8800000,0x00000000e93febd0,0x00000000e9400000)
  to   space 15872K, 0% used [0x00000000ec480000,0x00000000ec480000,0x00000000ed400000)
 ParOldGen       total 77824K, used 19043K [0x00000000a0000000, 0x00000000a4c00000, 0x00000000e0000000)
  object space 77824K, 24% used [0x00000000a0000000,0x00000000a1298cb0,0x00000000a4c00000)
 Metaspace       used 46068K, capacity 47554K, committed 47920K, reserved 1091584K
  class space    used 6221K, capacity 6585K, committed 6704K, reserved 1048576K
}
Event: 12.817 GC heap before
{Heap before GC invocations=14 (full 2):
 PSYoungGen      total 151552K, used 143114K [0x00000000e0000000, 0x00000000ed400000, 0x0000000100000000)
  eden space 139264K, 93% used [0x00000000e0000000,0x00000000e7fc3f30,0x00000000e8800000)
  from space 12288K, 99% used [0x00000000e8800000,0x00000000e93febd0,0x00000000e9400000)
  to   space 15872K, 0% used [0x00000000ec480000,0x00000000ec480000,0x00000000ed400000)
 ParOldGen       total 77824K, used 19043K [0x00000000a0000000, 0x00000000a4c00000, 0x00000000e0000000)
  object space 77824K, 24% used [0x00000000a0000000,0x00000000a1298cb0,0x00000000a4c00000)
 Metaspace       used 57194K, capacity 59104K, committed 59160K, reserved 1099776K
  class space    used 7840K, capacity 8317K, committed 8368K, reserved 1048576K

