# JRE version: OpenJDK Runtime Environment (8.0_242-b01) (build 1.8.0_242-release-1644-b01)
# Java VM: OpenJDK 64-Bit Server VM (25.242-b01 mixed mode windows-amd64 compressed oops)
Heap:
 PSYoungGen      total 200192K, used 12222K [0x00000000e0000000, 0x00000000edd00000, 0x0000000100000000)
  eden space 181248K, 0% used [0x00000000e0000000,0x00000000e0000000,0x00000000eb100000)
  from space 18944K, 64% used [0x00000000ec400000,0x00000000ecfefa20,0x00000000ed680000)
  to   space 19456K, 0% used [0x00000000eb100000,0x00000000eb100000,0x00000000ec400000)
 ParOldGen       total 83968K, used 33765K [0x00000000a0000000, 0x00000000a5200000, 0x00000000e0000000)
  object space 83968K, 40% used [0x00000000a0000000,0x00000000a20f9758,0x00000000a5200000)
 Metaspace       used 56761K, capacity 59006K, committed 59160K, reserved 1099776K
  class space    used 7750K, capacity 8222K, committed 8240K, reserved 1048576K
GC Heap History (10 events):
Event: 7.394 GC heap after
Heap after GC invocations=10 (full 1):
 PSYoungGen      total 131584K, used 10745K [0x00000000e0000000, 0x00000000ea700000, 0x0000000100000000)
  eden space 120832K, 0% used [0x00000000e0000000,0x00000000e0000000,0x00000000e7600000)
  from space 10752K, 99% used [0x00000000e7600000,0x00000000e807e408,0x00000000e8080000)
  to   space 12288K, 0% used [0x00000000e9b00000,0x00000000e9b00000,0x00000000ea700000)
 ParOldGen       total 51712K, used 7919K [0x00000000a0000000, 0x00000000a3280000, 0x00000000e0000000)
  object space 51712K, 15% used [0x00000000a0000000,0x00000000a07bbd40,0x00000000a3280000)
 Metaspace       used 34323K, capacity 35414K, committed 35496K, reserved 1079296K
  class space    used 4719K, capacity 5002K, committed 5040K, reserved 1048576K
}
Event: 7.394 GC heap before
{Heap before GC invocations=11 (full 2):
 PSYoungGen      total 131584K, used 10745K [0x00000000e0000000, 0x00000000ea700000, 0x0000000100000000)
  eden space 120832K, 0% used [0x00000000e0000000,0x00000000e0000000,0x00000000e7600000)
  from space 10752K, 99% used [0x00000000e7600000,0x00000000e807e408,0x00000000e8080000)
  to   space 12288K, 0% used [0x00000000e9b00000,0x00000000e9b00000,0x00000000ea700000)
 ParOldGen       total 51712K, used 7919K [0x00000000a0000000, 0x00000000a3280000, 0x00000000e0000000)
  object space 51712K, 15% used [0x00000000a0000000,0x00000000a07bbd40,0x00000000a3280000)
 Metaspace       used 34323K, capacity 35414K, committed 35496K, reserved 1079296K
  class space    used 4719K, capacity 5002K, committed 5040K, reserved 1048576K
Event: 7.489 GC heap after
Heap after GC invocations=11 (full 2):
 PSYoungGen      total 131584K, used 0K [0x00000000e0000000, 0x00000000ea700000, 0x0000000100000000)
  eden space 120832K, 0% used [0x00000000e0000000,0x00000000e0000000,0x00000000e7600000)
  from space 10752K, 0% used [0x00000000e7600000,0x00000000e7600000,0x00000000e8080000)
  to   space 12288K, 0% used [0x00000000e9b00000,0x00000000e9b00000,0x00000000ea700000)
 ParOldGen       total 83968K, used 17570K [0x00000000a0000000, 0x00000000a5200000, 0x00000000e0000000)
  object space 83968K, 20% used [0x00000000a0000000,0x00000000a11289c8,0x00000000a5200000)
 Metaspace       used 34323K, capacity 35414K, committed 35496K, reserved 1079296K
  class space    used 4719K, capacity 5002K, committed 5040K, reserved 1048576K
}
Event: 9.305 GC heap before
{Heap before GC invocations=12 (full 2):
 PSYoungGen      total 131584K, used 120832K [0x00000000e0000000, 0x00000000ea700000, 0x0000000100000000)
  eden space 120832K, 100% used [0x00000000e0000000,0x00000000e7600000,0x00000000e7600000)
  from space 10752K, 0% used [0x00000000e7600000,0x00000000e7600000,0x00000000e8080000)
  to   space 12288K, 0% used [0x00000000e9b00000,0x00000000e9b00000,0x00000000ea700000)
 ParOldGen       total 83968K, used 17570K [0x00000000a0000000, 0x00000000a5200000, 0x00000000e0000000)
  object space 83968K, 20% used [0x00000000a0000000,0x00000000a11289c8,0x00000000a5200000)
 Metaspace       used 39994K, capacity 41740K, committed 42024K, reserved 1085440K
  class space    used 5511K, capacity 5895K, committed 5936K, reserved 1048576K
Event: 9.320 GC heap after
Heap after GC invocations=12 (full 2):
 PSYoungGen      total 157696K, used 10544K [0x00000000e0000000, 0x00000000eae80000, 0x0000000100000000)
  eden space 145408K, 0% used [0x00000000e0000000,0x00000000e0000000,0x00000000e8e00000)
  from space 12288K, 85% used [0x00000000e9b00000,0x00000000ea54c1d8,0x00000000ea700000)
  to   space 13312K, 0% used [0x00000000e8e00000,0x00000000e8e00000,0x00000000e9b00000)
 ParOldGen       total 83968K, used 17578K [0x00000000a0000000, 0x00000000a5200000, 0x00000000e0000000)
  object space 83968K, 20% used [0x00000000a0000000,0x00000000a112a9c8,0x00000000a5200000)
 Metaspace       used 39994K, capacity 41740K, committed 42024K, reserved 1085440K
  class space    used 5511K, capacity 5895K, committed 5936K, reserved 1048576K
}
Event: 12.041 GC heap before
{Heap before GC invocations=13 (full 2):
 PSYoungGen      total 157696K, used 155952K [0x00000000e0000000, 0x00000000eae80000, 0x0000000100000000)
  eden space 145408K, 100% used [0x00000000e0000000,0x00000000e8e00000,0x00000000e8e00000)
  from space 12288K, 85% used [0x00000000e9b00000,0x00000000ea54c1d8,0x00000000ea700000)
  to   space 13312K, 0% used [0x00000000e8e00000,0x00000000e8e00000,0x00000000e9b00000)
 ParOldGen       total 83968K, used 17578K [0x00000000a0000000, 0x00000000a5200000, 0x00000000e0000000)
  object space 83968K, 20% used [0x00000000a0000000,0x00000000a112a9c8,0x00000000a5200000)
 Metaspace       used 53810K, capacity 55888K, committed 56232K, reserved 1097728K
  class space    used 7296K, capacity 7760K, committed 7856K, reserved 1048576K
Event: 12.077 GC heap after
Heap after GC invocations=13 (full 2):
 PSYoungGen      total 158720K, used 13308K [0x00000000e0000000, 0x00000000ed680000, 0x0000000100000000)
  eden space 145408K, 0% used [0x00000000e0000000,0x00000000e0000000,0x00000000e8e00000)
  from space 13312K, 99% used [0x00000000e8e00000,0x00000000e9aff320,0x00000000e9b00000)
  to   space 18944K, 0% used [0x00000000ec400000,0x00000000ec400000,0x00000000ed680000)
 ParOldGen       total 83968K, used 28711K [0x00000000a0000000, 0x00000000a5200000, 0x00000000e0000000)
  object space 83968K, 34% used [0x00000000a0000000,0x00000000a1c09f10,0x00000000a5200000)
 Metaspace       used 53810K, capacity 55888K, committed 56232K, reserved 1097728K
  class space    used 7296K, capacity 7760K, committed 7856K, reserved 1048576K
}
Event: 12.888 GC heap before
{Heap before GC invocations=14 (full 2):
 PSYoungGen      total 158720K, used 55038K [0x00000000e0000000, 0x00000000ed680000, 0x0000000100000000)
  eden space 145408K, 28% used [0x00000000e0000000,0x00000000e28c0678,0x00000000e8e00000)
  from space 13312K, 99% used [0x00000000e8e00000,0x00000000e9aff320,0x00000000e9b00000)
  to   space 18944K, 0% used [0x00000000ec400000,0x00000000ec400000,0x00000000ed680000)
 ParOldGen       total 83968K, used 28711K [0x00000000a0000000, 0x00000000a5200000, 0x00000000e0000000)
  object space 83968K, 34% used [0x00000000a0000000,0x00000000a1c09f10,0x00000000a5200000)
 Metaspace       used 56761K, capacity 59006K, committed 59160K, reserved 1099776K
  class space    used 7750K, capacity 8222K, committed 8240K, reserved 1048576K
Event: 12.919 GC heap after
Heap after GC invocations=14 (full 2):
 PSYoungGen      total 200192K, used 12222K [0x00000000e0000000, 0x00000000edd00000, 0x0000000100000000)
  eden space 181248K, 0% used [0x00000000e0000000,0x00000000e0000000,0x00000000eb100000)
  from space 18944K, 64% used [0x00000000ec400000,0x00000000ecfefa20,0x00000000ed680000)
  to   space 19456K, 0% used [0x00000000eb100000,0x00000000eb100000,0x00000000ec400000)
 ParOldGen       total 83968K, used 33765K [0x00000000a0000000, 0x00000000a5200000, 0x00000000e0000000)
  object space 83968K, 40% used [0x00000000a0000000,0x00000000a20f9758,0x00000000a5200000)
 Metaspace       used 56761K, capacity 59006K, committed 59160K, reserved 1099776K
  class space    used 7750K, capacity 8222K, committed 8240K, reserved 1048576K
}
Event: 12.919 GC heap before
{Heap before GC invocations=15 (full 3):
 PSYoungGen      total 200192K, used 12222K [0x00000000e0000000, 0x00000000edd00000, 0x0000000100000000)
  eden space 181248K, 0% used [0x00000000e0000000,0x00000000e0000000,0x00000000eb100000)
  from space 18944K, 64% used [0x00000000ec400000,0x00000000ecfefa20,0x00000000ed680000)
  to   space 19456K, 0% used [0x00000000eb100000,0x00000000eb100000,0x00000000ec400000)
 ParOldGen       total 83968K, used 33765K [0x00000000a0000000, 0x00000000a5200000, 0x00000000e0000000)
  object space 83968K, 40% used [0x00000000a0000000,0x00000000a20f9758,0x00000000a5200000)
 Metaspace       used 56761K, capacity 59006K, committed 59160K, reserved 1099776K
  class space    used 7750K, capacity 8222K, committed 8240K, reserved 1048576K

