# JRE version: OpenJDK Runtime Environment (8.0_242-b01) (build 1.8.0_242-release-1644-b01)
# Java VM: OpenJDK 64-Bit Server VM (25.242-b01 mixed mode windows-amd64 compressed oops)
Heap:
 PSYoungGen      total 364544K, used 31217K [0x00000000e0000000, 0x00000000fbe80000, 0x0000000100000000)
  eden space 333312K, 0% used [0x00000000e0000000,0x00000000e0000000,0x00000000f4580000)
  from space 31232K, 99% used [0x00000000f7600000,0x00000000f947c600,0x00000000f9480000)
  to   space 49664K, 0% used [0x00000000f4580000,0x00000000f4580000,0x00000000f7600000)
 ParOldGen       total 112128K, used 91571K [0x00000000a0000000, 0x00000000a6d80000, 0x00000000e0000000)
  object space 112128K, 81% used [0x00000000a0000000,0x00000000a596ccf0,0x00000000a6d80000)
 Metaspace       used 82307K, capacity 86172K, committed 86296K, reserved 1124352K
  class space    used 10598K, capacity 11312K, committed 11312K, reserved 1048576K
GC Heap History (10 events):
Event: 33.757 GC heap after
Heap after GC invocations=17 (full 3):
 PSYoungGen      total 283136K, used 11877K [0x00000000e0000000, 0x00000000f3080000, 0x0000000100000000)
  eden space 262656K, 0% used [0x00000000e0000000,0x00000000e0000000,0x00000000f0080000)
  from space 20480K, 57% used [0x00000000f1c80000,0x00000000f2819778,0x00000000f3080000)
  to   space 24576K, 0% used [0x00000000f0080000,0x00000000f0080000,0x00000000f1880000)
 ParOldGen       total 112128K, used 55293K [0x00000000a0000000, 0x00000000a6d80000, 0x00000000e0000000)
  object space 112128K, 49% used [0x00000000a0000000,0x00000000a35ff610,0x00000000a6d80000)
 Metaspace       used 67265K, capacity 70538K, committed 70808K, reserved 1110016K
  class space    used 9214K, capacity 9846K, committed 9904K, reserved 1048576K
}
Event: 114.546 GC heap before
{Heap before GC invocations=18 (full 3):
 PSYoungGen      total 283136K, used 274533K [0x00000000e0000000, 0x00000000f3080000, 0x0000000100000000)
  eden space 262656K, 100% used [0x00000000e0000000,0x00000000f0080000,0x00000000f0080000)
  from space 20480K, 57% used [0x00000000f1c80000,0x00000000f2819778,0x00000000f3080000)
  to   space 24576K, 0% used [0x00000000f0080000,0x00000000f0080000,0x00000000f1880000)
 ParOldGen       total 112128K, used 55293K [0x00000000a0000000, 0x00000000a6d80000, 0x00000000e0000000)
  object space 112128K, 49% used [0x00000000a0000000,0x00000000a35ff610,0x00000000a6d80000)
 Metaspace       used 73307K, capacity 76802K, committed 76952K, reserved 1116160K
  class space    used 9730K, capacity 10414K, committed 10416K, reserved 1048576K
Event: 114.612 GC heap after
Heap after GC invocations=18 (full 3):
 PSYoungGen      total 287232K, used 21859K [0x00000000e0000000, 0x00000000f7300000, 0x0000000100000000)
  eden space 262656K, 0% used [0x00000000e0000000,0x00000000e0000000,0x00000000f0080000)
  from space 24576K, 88% used [0x00000000f0080000,0x00000000f15d8c00,0x00000000f1880000)
  to   space 27648K, 0% used [0x00000000f5800000,0x00000000f5800000,0x00000000f7300000)
 ParOldGen       total 112128K, used 55301K [0x00000000a0000000, 0x00000000a6d80000, 0x00000000e0000000)
  object space 112128K, 49% used [0x00000000a0000000,0x00000000a3601610,0x00000000a6d80000)
 Metaspace       used 73307K, capacity 76802K, committed 76952K, reserved 1116160K
  class space    used 9730K, capacity 10414K, committed 10416K, reserved 1048576K
}
Event: 155.648 GC heap before
{Heap before GC invocations=19 (full 3):
 PSYoungGen      total 287232K, used 284515K [0x00000000e0000000, 0x00000000f7300000, 0x0000000100000000)
  eden space 262656K, 100% used [0x00000000e0000000,0x00000000f0080000,0x00000000f0080000)
  from space 24576K, 88% used [0x00000000f0080000,0x00000000f15d8c00,0x00000000f1880000)
  to   space 27648K, 0% used [0x00000000f5800000,0x00000000f5800000,0x00000000f7300000)
 ParOldGen       total 112128K, used 55301K [0x00000000a0000000, 0x00000000a6d80000, 0x00000000e0000000)
  object space 112128K, 49% used [0x00000000a0000000,0x00000000a3601610,0x00000000a6d80000)
 Metaspace       used 73933K, capacity 77562K, committed 77848K, reserved 1116160K
  class space    used 9752K, capacity 10438K, committed 10544K, reserved 1048576K
Event: 155.711 GC heap after
Heap after GC invocations=19 (full 3):
 PSYoungGen      total 335872K, used 17976K [0x00000000e0000000, 0x00000000f6b80000, 0x0000000100000000)
  eden space 315904K, 0% used [0x00000000e0000000,0x00000000e0000000,0x00000000f3480000)
  from space 19968K, 90% used [0x00000000f5800000,0x00000000f698e120,0x00000000f6b80000)
  to   space 28160K, 0% used [0x00000000f3480000,0x00000000f3480000,0x00000000f5000000)
 ParOldGen       total 112128K, used 55309K [0x00000000a0000000, 0x00000000a6d80000, 0x00000000e0000000)
  object space 112128K, 49% used [0x00000000a0000000,0x00000000a3603610,0x00000000a6d80000)
 Metaspace       used 73933K, capacity 77562K, committed 77848K, reserved 1116160K
  class space    used 9752K, capacity 10438K, committed 10544K, reserved 1048576K
}
Event: 200.194 GC heap before
{Heap before GC invocations=20 (full 3):
 PSYoungGen      total 335872K, used 333880K [0x00000000e0000000, 0x00000000f6b80000, 0x0000000100000000)
  eden space 315904K, 100% used [0x00000000e0000000,0x00000000f3480000,0x00000000f3480000)
  from space 19968K, 90% used [0x00000000f5800000,0x00000000f698e120,0x00000000f6b80000)
  to   space 28160K, 0% used [0x00000000f3480000,0x00000000f3480000,0x00000000f5000000)
 ParOldGen       total 112128K, used 55309K [0x00000000a0000000, 0x00000000a6d80000, 0x00000000e0000000)
  object space 112128K, 49% used [0x00000000a0000000,0x00000000a3603610,0x00000000a6d80000)
 Metaspace       used 75301K, capacity 79124K, committed 79256K, reserved 1118208K
  class space    used 9863K, capacity 10565K, committed 10672K, reserved 1048576K
Event: 200.234 GC heap after
Heap after GC invocations=20 (full 3):
 PSYoungGen      total 344064K, used 24348K [0x00000000e0000000, 0x00000000f9480000, 0x0000000100000000)
  eden space 315904K, 0% used [0x00000000e0000000,0x00000000e0000000,0x00000000f3480000)
  from space 28160K, 86% used [0x00000000f3480000,0x00000000f4c47250,0x00000000f5000000)
  to   space 31232K, 0% used [0x00000000f7600000,0x00000000f7600000,0x00000000f9480000)
 ParOldGen       total 112128K, used 55317K [0x00000000a0000000, 0x00000000a6d80000, 0x00000000e0000000)
  object space 112128K, 49% used [0x00000000a0000000,0x00000000a3605610,0x00000000a6d80000)
 Metaspace       used 75301K, capacity 79124K, committed 79256K, reserved 1118208K
  class space    used 9863K, capacity 10565K, committed 10672K, reserved 1048576K
}
Event: 209.867 GC heap before
{Heap before GC invocations=21 (full 3):
 PSYoungGen      total 344064K, used 340252K [0x00000000e0000000, 0x00000000f9480000, 0x0000000100000000)
  eden space 315904K, 100% used [0x00000000e0000000,0x00000000f3480000,0x00000000f3480000)
  from space 28160K, 86% used [0x00000000f3480000,0x00000000f4c47250,0x00000000f5000000)
  to   space 31232K, 0% used [0x00000000f7600000,0x00000000f7600000,0x00000000f9480000)
 ParOldGen       total 112128K, used 55317K [0x00000000a0000000, 0x00000000a6d80000, 0x00000000e0000000)
  object space 112128K, 49% used [0x00000000a0000000,0x00000000a3605610,0x00000000a6d80000)
 Metaspace       used 82307K, capacity 86172K, committed 86296K, reserved 1124352K
  class space    used 10598K, capacity 11312K, committed 11312K, reserved 1048576K
Event: 210.002 GC heap after
Heap after GC invocations=21 (full 3):
 PSYoungGen      total 364544K, used 31217K [0x00000000e0000000, 0x00000000fbe80000, 0x0000000100000000)
  eden space 333312K, 0% used [0x00000000e0000000,0x00000000e0000000,0x00000000f4580000)
  from space 31232K, 99% used [0x00000000f7600000,0x00000000f947c600,0x00000000f9480000)
  to   space 49664K, 0% used [0x00000000f4580000,0x00000000f4580000,0x00000000f7600000)
 ParOldGen       total 112128K, used 91571K [0x00000000a0000000, 0x00000000a6d80000, 0x00000000e0000000)
  object space 112128K, 81% used [0x00000000a0000000,0x00000000a596ccf0,0x00000000a6d80000)
 Metaspace       used 82307K, capacity 86172K, committed 86296K, reserved 1124352K
  class space    used 10598K, capacity 11312K, committed 11312K, reserved 1048576K
}
Event: 210.002 GC heap before
{Heap before GC invocations=22 (full 4):
 PSYoungGen      total 364544K, used 31217K [0x00000000e0000000, 0x00000000fbe80000, 0x0000000100000000)
  eden space 333312K, 0% used [0x00000000e0000000,0x00000000e0000000,0x00000000f4580000)
  from space 31232K, 99% used [0x00000000f7600000,0x00000000f947c600,0x00000000f9480000)
  to   space 49664K, 0% used [0x00000000f4580000,0x00000000f4580000,0x00000000f7600000)
 ParOldGen       total 112128K, used 91571K [0x00000000a0000000, 0x00000000a6d80000, 0x00000000e0000000)
  object space 112128K, 81% used [0x00000000a0000000,0x00000000a596ccf0,0x00000000a6d80000)
 Metaspace       used 82307K, capacity 86172K, committed 86296K, reserved 1124352K
  class space    used 10598K, capacity 11312K, committed 11312K, reserved 1048576K

