# JRE version: OpenJDK Runtime Environment (8.0_242-b01) (build 1.8.0_242-release-1644-b01)
# Java VM: OpenJDK 64-Bit Server VM (25.242-b01 mixed mode windows-amd64 compressed oops)
Heap:
 PSYoungGen      total 386560K, used 302503K [0x00000000e0000000, 0x00000000fda00000, 0x0000000100000000)
  eden space 329728K, 80% used [0x00000000e0000000,0x00000000f0406240,0x00000000f4200000)
  from space 56832K, 63% used [0x00000000f4200000,0x00000000f6563c68,0x00000000f7980000)
  to   space 58368K, 0% used [0x00000000fa100000,0x00000000fa100000,0x00000000fda00000)
 ParOldGen       total 206336K, used 87643K [0x00000000a0000000, 0x00000000ac980000, 0x00000000e0000000)
  object space 206336K, 42% used [0x00000000a0000000,0x00000000a5596c38,0x00000000ac980000)
 Metaspace       used 92604K, capacity 97590K, committed 97816K, reserved 1134592K
  class space    used 11984K, capacity 12836K, committed 12848K, reserved 1048576K
GC Heap History (10 events):
Event: 162.833 GC heap before
{Heap before GC invocations=21 (full 4):
 PSYoungGen      total 295936K, used 261632K [0x00000000e0000000, 0x00000000f5080000, 0x0000000100000000)
  eden space 261632K, 100% used [0x00000000e0000000,0x00000000eff80000,0x00000000eff80000)
  from space 34304K, 0% used [0x00000000f2f00000,0x00000000f2f00000,0x00000000f5080000)
  to   space 41472K, 0% used [0x00000000eff80000,0x00000000eff80000,0x00000000f2800000)
 ParOldGen       total 206336K, used 63596K [0x00000000a0000000, 0x00000000ac980000, 0x00000000e0000000)
  object space 206336K, 30% used [0x00000000a0000000,0x00000000a3e1b2c0,0x00000000ac980000)
 Metaspace       used 82733K, capacity 87016K, committed 87192K, reserved 1124352K
  class space    used 11086K, capacity 11856K, committed 11952K, reserved 1048576K
Event: 163.079 GC heap after
Heap after GC invocations=21 (full 4):
 PSYoungGen      total 303104K, used 20905K [0x00000000e0000000, 0x00000000f7680000, 0x0000000100000000)
  eden space 261632K, 0% used [0x00000000e0000000,0x00000000e0000000,0x00000000eff80000)
  from space 41472K, 50% used [0x00000000eff80000,0x00000000f13ea7b0,0x00000000f2800000)
  to   space 40960K, 0% used [0x00000000f4e80000,0x00000000f4e80000,0x00000000f7680000)
 ParOldGen       total 206336K, used 63604K [0x00000000a0000000, 0x00000000ac980000, 0x00000000e0000000)
  object space 206336K, 30% used [0x00000000a0000000,0x00000000a3e1d2c0,0x00000000ac980000)
 Metaspace       used 82733K, capacity 87016K, committed 87192K, reserved 1124352K
  class space    used 11086K, capacity 11856K, committed 11952K, reserved 1048576K
}
Event: 803.249 GC heap before
{Heap before GC invocations=22 (full 4):
 PSYoungGen      total 303104K, used 282537K [0x00000000e0000000, 0x00000000f7680000, 0x0000000100000000)
  eden space 261632K, 100% used [0x00000000e0000000,0x00000000eff80000,0x00000000eff80000)
  from space 41472K, 50% used [0x00000000eff80000,0x00000000f13ea7b0,0x00000000f2800000)
  to   space 40960K, 0% used [0x00000000f4e80000,0x00000000f4e80000,0x00000000f7680000)
 ParOldGen       total 206336K, used 63604K [0x00000000a0000000, 0x00000000ac980000, 0x00000000e0000000)
  object space 206336K, 30% used [0x00000000a0000000,0x00000000a3e1d2c0,0x00000000ac980000)
 Metaspace       used 90840K, capacity 95290K, committed 95512K, reserved 1132544K
  class space    used 11913K, capacity 12721K, committed 12848K, reserved 1048576K
Event: 803.311 GC heap after
Heap after GC invocations=22 (full 4):
 PSYoungGen      total 328192K, used 20727K [0x00000000e0000000, 0x00000000f6f00000, 0x0000000100000000)
  eden space 294912K, 0% used [0x00000000e0000000,0x00000000e0000000,0x00000000f2000000)
  from space 33280K, 62% used [0x00000000f4e80000,0x00000000f62bdee0,0x00000000f6f00000)
  to   space 40448K, 0% used [0x00000000f2000000,0x00000000f2000000,0x00000000f4780000)
 ParOldGen       total 206336K, used 63620K [0x00000000a0000000, 0x00000000ac980000, 0x00000000e0000000)
  object space 206336K, 30% used [0x00000000a0000000,0x00000000a3e212c0,0x00000000ac980000)
 Metaspace       used 90840K, capacity 95290K, committed 95512K, reserved 1132544K
  class space    used 11913K, capacity 12721K, committed 12848K, reserved 1048576K
}
Event: 815.943 GC heap before
{Heap before GC invocations=23 (full 4):
 PSYoungGen      total 328192K, used 315639K [0x00000000e0000000, 0x00000000f6f00000, 0x0000000100000000)
  eden space 294912K, 100% used [0x00000000e0000000,0x00000000f2000000,0x00000000f2000000)
  from space 33280K, 62% used [0x00000000f4e80000,0x00000000f62bdee0,0x00000000f6f00000)
  to   space 40448K, 0% used [0x00000000f2000000,0x00000000f2000000,0x00000000f4780000)
 ParOldGen       total 206336K, used 63620K [0x00000000a0000000, 0x00000000ac980000, 0x00000000e0000000)
  object space 206336K, 30% used [0x00000000a0000000,0x00000000a3e212c0,0x00000000ac980000)
 Metaspace       used 91338K, capacity 95866K, committed 96024K, reserved 1132544K
  class space    used 11921K, capacity 12735K, committed 12848K, reserved 1048576K
Event: 816.125 GC heap after
Heap after GC invocations=23 (full 4):
 PSYoungGen      total 335360K, used 40436K [0x00000000e0000000, 0x00000000fad00000, 0x0000000100000000)
  eden space 294912K, 0% used [0x00000000e0000000,0x00000000e0000000,0x00000000f2000000)
  from space 40448K, 99% used [0x00000000f2000000,0x00000000f477d2b8,0x00000000f4780000)
  to   space 52736K, 0% used [0x00000000f7980000,0x00000000f7980000,0x00000000fad00000)
 ParOldGen       total 206336K, used 80128K [0x00000000a0000000, 0x00000000ac980000, 0x00000000e0000000)
  object space 206336K, 38% used [0x00000000a0000000,0x00000000a4e40110,0x00000000ac980000)
 Metaspace       used 91338K, capacity 95866K, committed 96024K, reserved 1132544K
  class space    used 11921K, capacity 12735K, committed 12848K, reserved 1048576K
}
Event: 824.595 GC heap before
{Heap before GC invocations=24 (full 4):
 PSYoungGen      total 335360K, used 335348K [0x00000000e0000000, 0x00000000fad00000, 0x0000000100000000)
  eden space 294912K, 100% used [0x00000000e0000000,0x00000000f2000000,0x00000000f2000000)
  from space 40448K, 99% used [0x00000000f2000000,0x00000000f477d2b8,0x00000000f4780000)
  to   space 52736K, 0% used [0x00000000f7980000,0x00000000f7980000,0x00000000fad00000)
 ParOldGen       total 206336K, used 80128K [0x00000000a0000000, 0x00000000ac980000, 0x00000000e0000000)
  object space 206336K, 38% used [0x00000000a0000000,0x00000000a4e40110,0x00000000ac980000)
 Metaspace       used 91466K, capacity 95958K, committed 96280K, reserved 1132544K
  class space    used 11924K, capacity 12739K, committed 12848K, reserved 1048576K
Event: 824.723 GC heap after
Heap after GC invocations=24 (full 4):
 PSYoungGen      total 382464K, used 39409K [0x00000000e0000000, 0x00000000fb680000, 0x0000000100000000)
  eden space 329728K, 0% used [0x00000000e0000000,0x00000000e0000000,0x00000000f4200000)
  from space 52736K, 74% used [0x00000000f7980000,0x00000000f9ffc468,0x00000000fad00000)
  to   space 56832K, 0% used [0x00000000f4200000,0x00000000f4200000,0x00000000f7980000)
 ParOldGen       total 206336K, used 87635K [0x00000000a0000000, 0x00000000ac980000, 0x00000000e0000000)
  object space 206336K, 42% used [0x00000000a0000000,0x00000000a5594c38,0x00000000ac980000)
 Metaspace       used 91466K, capacity 95958K, committed 96280K, reserved 1132544K
  class space    used 11924K, capacity 12739K, committed 12848K, reserved 1048576K
}
Event: 886.524 GC heap before
{Heap before GC invocations=25 (full 4):
 PSYoungGen      total 382464K, used 369137K [0x00000000e0000000, 0x00000000fb680000, 0x0000000100000000)
  eden space 329728K, 100% used [0x00000000e0000000,0x00000000f4200000,0x00000000f4200000)
  from space 52736K, 74% used [0x00000000f7980000,0x00000000f9ffc468,0x00000000fad00000)
  to   space 56832K, 0% used [0x00000000f4200000,0x00000000f4200000,0x00000000f7980000)
 ParOldGen       total 206336K, used 87635K [0x00000000a0000000, 0x00000000ac980000, 0x00000000e0000000)
  object space 206336K, 42% used [0x00000000a0000000,0x00000000a5594c38,0x00000000ac980000)
 Metaspace       used 92013K, capacity 96614K, committed 96792K, reserved 1132544K
  class space    used 11942K, capacity 12767K, committed 12848K, reserved 1048576K
Event: 886.649 GC heap after
Heap after GC invocations=25 (full 4):
 PSYoungGen      total 386560K, used 36239K [0x00000000e0000000, 0x00000000fda00000, 0x0000000100000000)
  eden space 329728K, 0% used [0x00000000e0000000,0x00000000e0000000,0x00000000f4200000)
  from space 56832K, 63% used [0x00000000f4200000,0x00000000f6563c68,0x00000000f7980000)
  to   space 58368K, 0% used [0x00000000fa100000,0x00000000fa100000,0x00000000fda00000)
 ParOldGen       total 206336K, used 87643K [0x00000000a0000000, 0x00000000ac980000, 0x00000000e0000000)
  object space 206336K, 42% used [0x00000000a0000000,0x00000000a5596c38,0x00000000ac980000)
 Metaspace       used 92013K, capacity 96614K, committed 96792K, reserved 1132544K
  class space    used 11942K, capacity 12767K, committed 12848K, reserved 1048576K
}

