# JRE version: OpenJDK Runtime Environment (8.0_242-b01) (build 1.8.0_242-release-1644-b01)
# Java VM: OpenJDK 64-Bit Server VM (25.242-b01 mixed mode windows-amd64 compressed oops)
Heap:
 PSYoungGen      total 137216K, used 6253K [0x00000000e0000000, 0x00000000e9200000, 0x0000000100000000)
  eden space 126976K, 0% used [0x00000000e0000000,0x00000000e0000000,0x00000000e7c00000)
  from space 10240K, 61% used [0x00000000e8800000,0x00000000e8e1b688,0x00000000e9200000)
  to   space 11264K, 0% used [0x00000000e7c00000,0x00000000e7c00000,0x00000000e8700000)
 ParOldGen       total 84992K, used 9058K [0x00000000a0000000, 0x00000000a5300000, 0x00000000e0000000)
  object space 84992K, 10% used [0x00000000a0000000,0x00000000a08d88f8,0x00000000a5300000)
 Metaspace       used 20658K, capacity 21228K, committed 21296K, reserved 1067008K
  class space    used 2891K, capacity 3084K, committed 3120K, reserved 1048576K
GC Heap History (10 events):
Event: 2.681 GC heap after
Heap after GC invocations=2 (full 0):
 PSYoungGen      total 36864K, used 3005K [0x00000000e0000000, 0x00000000e4800000, 0x0000000100000000)
  eden space 31744K, 0% used [0x00000000e0000000,0x00000000e0000000,0x00000000e1f00000)
  from space 5120K, 58% used [0x00000000e2400000,0x00000000e26ef780,0x00000000e2900000)
  to   space 5120K, 0% used [0x00000000e1f00000,0x00000000e1f00000,0x00000000e2400000)
 ParOldGen       total 84992K, used 24K [0x00000000a0000000, 0x00000000a5300000, 0x00000000e0000000)
  object space 84992K, 0% used [0x00000000a0000000,0x00000000a0006000,0x00000000a5300000)
 Metaspace       used 7376K, capacity 7568K, committed 7680K, reserved 1056768K
  class space    used 892K, capacity 968K, committed 1024K, reserved 1048576K
}
Event: 4.538 GC heap before
{Heap before GC invocations=3 (full 0):
 PSYoungGen      total 36864K, used 34749K [0x00000000e0000000, 0x00000000e4800000, 0x0000000100000000)
  eden space 31744K, 100% used [0x00000000e0000000,0x00000000e1f00000,0x00000000e1f00000)
  from space 5120K, 58% used [0x00000000e2400000,0x00000000e26ef780,0x00000000e2900000)
  to   space 5120K, 0% used [0x00000000e1f00000,0x00000000e1f00000,0x00000000e2400000)
 ParOldGen       total 84992K, used 24K [0x00000000a0000000, 0x00000000a5300000, 0x00000000e0000000)
  object space 84992K, 0% used [0x00000000a0000000,0x00000000a0006000,0x00000000a5300000)
 Metaspace       used 10993K, capacity 11222K, committed 11392K, reserved 1058816K
  class space    used 1449K, capacity 1569K, committed 1664K, reserved 1048576K
Event: 4.546 GC heap after
Heap after GC invocations=3 (full 0):
 PSYoungGen      total 36864K, used 5104K [0x00000000e0000000, 0x00000000e4800000, 0x0000000100000000)
  eden space 31744K, 0% used [0x00000000e0000000,0x00000000e0000000,0x00000000e1f00000)
  from space 5120K, 99% used [0x00000000e1f00000,0x00000000e23fc010,0x00000000e2400000)
  to   space 5120K, 0% used [0x00000000e4300000,0x00000000e4300000,0x00000000e4800000)
 ParOldGen       total 84992K, used 556K [0x00000000a0000000, 0x00000000a5300000, 0x00000000e0000000)
  object space 84992K, 0% used [0x00000000a0000000,0x00000000a008b130,0x00000000a5300000)
 Metaspace       used 10993K, capacity 11222K, committed 11392K, reserved 1058816K
  class space    used 1449K, capacity 1569K, committed 1664K, reserved 1048576K
}
Event: 5.412 GC heap before
{Heap before GC invocations=4 (full 0):
 PSYoungGen      total 36864K, used 36783K [0x00000000e0000000, 0x00000000e4800000, 0x0000000100000000)
  eden space 31744K, 99% used [0x00000000e0000000,0x00000000e1eefcb8,0x00000000e1f00000)
  from space 5120K, 99% used [0x00000000e1f00000,0x00000000e23fc010,0x00000000e2400000)
  to   space 5120K, 0% used [0x00000000e4300000,0x00000000e4300000,0x00000000e4800000)
 ParOldGen       total 84992K, used 556K [0x00000000a0000000, 0x00000000a5300000, 0x00000000e0000000)
  object space 84992K, 0% used [0x00000000a0000000,0x00000000a008b130,0x00000000a5300000)
 Metaspace       used 14182K, capacity 14598K, committed 14976K, reserved 1062912K
  class space    used 1936K, capacity 2089K, committed 2176K, reserved 1048576K
Event: 5.424 GC heap after
Heap after GC invocations=4 (full 0):
 PSYoungGen      total 68608K, used 5103K [0x00000000e0000000, 0x00000000e4800000, 0x0000000100000000)
  eden space 63488K, 0% used [0x00000000e0000000,0x00000000e0000000,0x00000000e3e00000)
  from space 5120K, 99% used [0x00000000e4300000,0x00000000e47fbc40,0x00000000e4800000)
  to   space 5120K, 0% used [0x00000000e3e00000,0x00000000e3e00000,0x00000000e4300000)
 ParOldGen       total 84992K, used 2712K [0x00000000a0000000, 0x00000000a5300000, 0x00000000e0000000)
  object space 84992K, 3% used [0x00000000a0000000,0x00000000a02a6378,0x00000000a5300000)
 Metaspace       used 14182K, capacity 14598K, committed 14976K, reserved 1062912K
  class space    used 1936K, capacity 2089K, committed 2176K, reserved 1048576K
}
Event: 8.464 GC heap before
{Heap before GC invocations=5 (full 0):
 PSYoungGen      total 68608K, used 68591K [0x00000000e0000000, 0x00000000e4800000, 0x0000000100000000)
  eden space 63488K, 100% used [0x00000000e0000000,0x00000000e3e00000,0x00000000e3e00000)
  from space 5120K, 99% used [0x00000000e4300000,0x00000000e47fbc40,0x00000000e4800000)
  to   space 5120K, 0% used [0x00000000e3e00000,0x00000000e3e00000,0x00000000e4300000)
 ParOldGen       total 84992K, used 2712K [0x00000000a0000000, 0x00000000a5300000, 0x00000000e0000000)
  object space 84992K, 3% used [0x00000000a0000000,0x00000000a02a6378,0x00000000a5300000)
 Metaspace       used 19916K, capacity 20530K, committed 20736K, reserved 1067008K
  class space    used 2783K, capacity 2969K, committed 3072K, reserved 1048576K
Event: 8.498 GC heap after
Heap after GC invocations=5 (full 0):
 PSYoungGen      total 68608K, used 5104K [0x00000000e0000000, 0x00000000e9400000, 0x0000000100000000)
  eden space 63488K, 0% used [0x00000000e0000000,0x00000000e0000000,0x00000000e3e00000)
  from space 5120K, 99% used [0x00000000e3e00000,0x00000000e42fc040,0x00000000e4300000)
  to   space 12288K, 0% used [0x00000000e8800000,0x00000000e8800000,0x00000000e9400000)
 ParOldGen       total 84992K, used 9050K [0x00000000a0000000, 0x00000000a5300000, 0x00000000e0000000)
  object space 84992K, 10% used [0x00000000a0000000,0x00000000a08d68f8,0x00000000a5300000)
 Metaspace       used 19916K, capacity 20530K, committed 20736K, reserved 1067008K
  class space    used 2783K, capacity 2969K, committed 3072K, reserved 1048576K
}
Event: 8.951 GC heap before
{Heap before GC invocations=6 (full 0):
 PSYoungGen      total 68608K, used 17846K [0x00000000e0000000, 0x00000000e9400000, 0x0000000100000000)
  eden space 63488K, 20% used [0x00000000e0000000,0x00000000e0c71b00,0x00000000e3e00000)
  from space 5120K, 99% used [0x00000000e3e00000,0x00000000e42fc040,0x00000000e4300000)
  to   space 12288K, 0% used [0x00000000e8800000,0x00000000e8800000,0x00000000e9400000)
 ParOldGen       total 84992K, used 9050K [0x00000000a0000000, 0x00000000a5300000, 0x00000000e0000000)
  object space 84992K, 10% used [0x00000000a0000000,0x00000000a08d68f8,0x00000000a5300000)
 Metaspace       used 20658K, capacity 21228K, committed 21296K, reserved 1067008K
  class space    used 2891K, capacity 3084K, committed 3120K, reserved 1048576K
Event: 8.966 GC heap after
Heap after GC invocations=6 (full 0):
 PSYoungGen      total 137216K, used 6253K [0x00000000e0000000, 0x00000000e9200000, 0x0000000100000000)
  eden space 126976K, 0% used [0x00000000e0000000,0x00000000e0000000,0x00000000e7c00000)
  from space 10240K, 61% used [0x00000000e8800000,0x00000000e8e1b688,0x00000000e9200000)
  to   space 11264K, 0% used [0x00000000e7c00000,0x00000000e7c00000,0x00000000e8700000)
 ParOldGen       total 84992K, used 9058K [0x00000000a0000000, 0x00000000a5300000, 0x00000000e0000000)
  object space 84992K, 10% used [0x00000000a0000000,0x00000000a08d88f8,0x00000000a5300000)
 Metaspace       used 20658K, capacity 21228K, committed 21296K, reserved 1067008K
  class space    used 2891K, capacity 3084K, committed 3120K, reserved 1048576K
}
Event: 8.966 GC heap before
{Heap before GC invocations=7 (full 1):
 PSYoungGen      total 137216K, used 6253K [0x00000000e0000000, 0x00000000e9200000, 0x0000000100000000)
  eden space 126976K, 0% used [0x00000000e0000000,0x00000000e0000000,0x00000000e7c00000)
  from space 10240K, 61% used [0x00000000e8800000,0x00000000e8e1b688,0x00000000e9200000)
  to   space 11264K, 0% used [0x00000000e7c00000,0x00000000e7c00000,0x00000000e8700000)
 ParOldGen       total 84992K, used 9058K [0x00000000a0000000, 0x00000000a5300000, 0x00000000e0000000)
  object space 84992K, 10% used [0x00000000a0000000,0x00000000a08d88f8,0x00000000a5300000)
 Metaspace       used 20658K, capacity 21228K, committed 21296K, reserved 1067008K
  class space    used 2891K, capacity 3084K, committed 3120K, reserved 1048576K

