# JRE version: OpenJDK Runtime Environment (8.0_242-b01) (build 1.8.0_242-release-1644-b01)
# Java VM: OpenJDK 64-Bit Server VM (25.242-b01 mixed mode windows-amd64 compressed oops)
Heap:
 PSYoungGen      total 409600K, used 0K [0x00000000e0000000, 0x0000000100000000, 0x0000000100000000)
  eden space 340992K, 0% used [0x00000000e0000000,0x00000000e0000000,0x00000000f4d00000)
  from space 68608K, 0% used [0x00000000fad00000,0x00000000fad00000,0x00000000ff000000)
  to   space 91648K, 0% used [0x00000000f4d00000,0x00000000f4d00000,0x00000000fa680000)
 ParOldGen       total 273920K, used 154219K [0x00000000a0000000, 0x00000000b0b80000, 0x00000000e0000000)
  object space 273920K, 56% used [0x00000000a0000000,0x00000000a969acc0,0x00000000b0b80000)
 Metaspace       used 99176K, capacity 106700K, committed 107312K, reserved 1142784K
  class space    used 12692K, capacity 13953K, committed 14128K, reserved 1048576K
GC Heap History (10 events):
Event: 2081.162 GC heap after
Heap after GC invocations=42 (full 4):
 PSYoungGen      total 360960K, used 33311K [0x00000000e0000000, 0x00000000f9800000, 0x0000000100000000)
  eden space 311808K, 0% used [0x00000000e0000000,0x00000000e0000000,0x00000000f3080000)
  from space 49152K, 67% used [0x00000000f6180000,0x00000000f8207e60,0x00000000f9180000)
  to   space 50176K, 0% used [0x00000000f3080000,0x00000000f3080000,0x00000000f6180000)
 ParOldGen       total 273920K, used 192207K [0x00000000a0000000, 0x00000000b0b80000, 0x00000000e0000000)
  object space 273920K, 70% used [0x00000000a0000000,0x00000000abbb3c78,0x00000000b0b80000)
 Metaspace       used 98617K, capacity 106104K, committed 106416K, reserved 1142784K
  class space    used 12631K, capacity 13897K, committed 14000K, reserved 1048576K
}
Event: 2083.581 GC heap before
{Heap before GC invocations=43 (full 4):
 PSYoungGen      total 360960K, used 345119K [0x00000000e0000000, 0x00000000f9800000, 0x0000000100000000)
  eden space 311808K, 100% used [0x00000000e0000000,0x00000000f3080000,0x00000000f3080000)
  from space 49152K, 67% used [0x00000000f6180000,0x00000000f8207e60,0x00000000f9180000)
  to   space 50176K, 0% used [0x00000000f3080000,0x00000000f3080000,0x00000000f6180000)
 ParOldGen       total 273920K, used 192207K [0x00000000a0000000, 0x00000000b0b80000, 0x00000000e0000000)
  object space 273920K, 70% used [0x00000000a0000000,0x00000000abbb3c78,0x00000000b0b80000)
 Metaspace       used 98655K, capacity 106110K, committed 106416K, reserved 1142784K
  class space    used 12632K, capacity 13898K, committed 14000K, reserved 1048576K
Event: 2083.656 GC heap after
Heap after GC invocations=43 (full 4):
 PSYoungGen      total 361984K, used 37669K [0x00000000e0000000, 0x00000000fae00000, 0x0000000100000000)
  eden space 311808K, 0% used [0x00000000e0000000,0x00000000e0000000,0x00000000f3080000)
  from space 50176K, 75% used [0x00000000f3080000,0x00000000f55496a0,0x00000000f6180000)
  to   space 51712K, 0% used [0x00000000f7b80000,0x00000000f7b80000,0x00000000fae00000)
 ParOldGen       total 273920K, used 192343K [0x00000000a0000000, 0x00000000b0b80000, 0x00000000e0000000)
  object space 273920K, 70% used [0x00000000a0000000,0x00000000abbd5c78,0x00000000b0b80000)
 Metaspace       used 98655K, capacity 106110K, committed 106416K, reserved 1142784K
  class space    used 12632K, capacity 13898K, committed 14000K, reserved 1048576K
}
Event: 2085.945 GC heap before
{Heap before GC invocations=44 (full 4):
 PSYoungGen      total 361984K, used 349477K [0x00000000e0000000, 0x00000000fae00000, 0x0000000100000000)
  eden space 311808K, 100% used [0x00000000e0000000,0x00000000f3080000,0x00000000f3080000)
  from space 50176K, 75% used [0x00000000f3080000,0x00000000f55496a0,0x00000000f6180000)
  to   space 51712K, 0% used [0x00000000f7b80000,0x00000000f7b80000,0x00000000fae00000)
 ParOldGen       total 273920K, used 192343K [0x00000000a0000000, 0x00000000b0b80000, 0x00000000e0000000)
  object space 273920K, 70% used [0x00000000a0000000,0x00000000abbd5c78,0x00000000b0b80000)
 Metaspace       used 98683K, capacity 106178K, committed 106416K, reserved 1142784K
  class space    used 12634K, capacity 13898K, committed 14000K, reserved 1048576K
Event: 2085.988 GC heap after
Heap after GC invocations=44 (full 4):
 PSYoungGen      total 386560K, used 29004K [0x00000000e0000000, 0x00000000fab80000, 0x0000000100000000)
  eden space 337408K, 0% used [0x00000000e0000000,0x00000000e0000000,0x00000000f4980000)
  from space 49152K, 59% used [0x00000000f7b80000,0x00000000f97d3140,0x00000000fab80000)
  to   space 50176K, 0% used [0x00000000f4980000,0x00000000f4980000,0x00000000f7a80000)
 ParOldGen       total 273920K, used 192399K [0x00000000a0000000, 0x00000000b0b80000, 0x00000000e0000000)
  object space 273920K, 70% used [0x00000000a0000000,0x00000000abbe3c78,0x00000000b0b80000)
 Metaspace       used 98683K, capacity 106178K, committed 106416K, reserved 1142784K
  class space    used 12634K, capacity 13898K, committed 14000K, reserved 1048576K
}
Event: 2087.647 GC heap before
{Heap before GC invocations=45 (full 4):
 PSYoungGen      total 386560K, used 366412K [0x00000000e0000000, 0x00000000fab80000, 0x0000000100000000)
  eden space 337408K, 100% used [0x00000000e0000000,0x00000000f4980000,0x00000000f4980000)
  from space 49152K, 59% used [0x00000000f7b80000,0x00000000f97d3140,0x00000000fab80000)
  to   space 50176K, 0% used [0x00000000f4980000,0x00000000f4980000,0x00000000f7a80000)
 ParOldGen       total 273920K, used 192399K [0x00000000a0000000, 0x00000000b0b80000, 0x00000000e0000000)
  object space 273920K, 70% used [0x00000000a0000000,0x00000000abbe3c78,0x00000000b0b80000)
 Metaspace       used 99301K, capacity 106916K, committed 107056K, reserved 1142784K
  class space    used 12724K, capacity 14017K, committed 14128K, reserved 1048576K
Event: 2087.765 GC heap after
Heap after GC invocations=45 (full 4):
 PSYoungGen      total 387584K, used 50151K [0x00000000e0000000, 0x00000000ff000000, 0x0000000100000000)
  eden space 337408K, 0% used [0x00000000e0000000,0x00000000e0000000,0x00000000f4980000)
  from space 50176K, 99% used [0x00000000f4980000,0x00000000f7a79e60,0x00000000f7a80000)
  to   space 68608K, 0% used [0x00000000fad00000,0x00000000fad00000,0x00000000ff000000)
 ParOldGen       total 273920K, used 225195K [0x00000000a0000000, 0x00000000b0b80000, 0x00000000e0000000)
  object space 273920K, 82% used [0x00000000a0000000,0x00000000adbeade8,0x00000000b0b80000)
 Metaspace       used 99301K, capacity 106916K, committed 107056K, reserved 1142784K
  class space    used 12724K, capacity 14017K, committed 14128K, reserved 1048576K
}
Event: 2089.118 GC heap before
{Heap before GC invocations=46 (full 4):
 PSYoungGen      total 387584K, used 387559K [0x00000000e0000000, 0x00000000ff000000, 0x0000000100000000)
  eden space 337408K, 100% used [0x00000000e0000000,0x00000000f4980000,0x00000000f4980000)
  from space 50176K, 99% used [0x00000000f4980000,0x00000000f7a79e60,0x00000000f7a80000)
  to   space 68608K, 0% used [0x00000000fad00000,0x00000000fad00000,0x00000000ff000000)
 ParOldGen       total 273920K, used 225195K [0x00000000a0000000, 0x00000000b0b80000, 0x00000000e0000000)
  object space 273920K, 82% used [0x00000000a0000000,0x00000000adbeade8,0x00000000b0b80000)
 Metaspace       used 99342K, capacity 106996K, committed 107312K, reserved 1142784K
  class space    used 12727K, capacity 14019K, committed 14128K, reserved 1048576K
Event: 2089.288 GC heap after
Heap after GC invocations=46 (full 4):
 PSYoungGen      total 409600K, used 68602K [0x00000000e0000000, 0x0000000100000000, 0x0000000100000000)
  eden space 340992K, 0% used [0x00000000e0000000,0x00000000e0000000,0x00000000f4d00000)
  from space 68608K, 99% used [0x00000000fad00000,0x00000000feffea60,0x00000000ff000000)
  to   space 91648K, 0% used [0x00000000f4d00000,0x00000000f4d00000,0x00000000fa680000)
 ParOldGen       total 273920K, used 261972K [0x00000000a0000000, 0x00000000b0b80000, 0x00000000e0000000)
  object space 273920K, 95% used [0x00000000a0000000,0x00000000affd5200,0x00000000b0b80000)
 Metaspace       used 99342K, capacity 106996K, committed 107312K, reserved 1142784K
  class space    used 12727K, capacity 14019K, committed 14128K, reserved 1048576K
}
Event: 2089.288 GC heap before
{Heap before GC invocations=47 (full 5):
 PSYoungGen      total 409600K, used 68602K [0x00000000e0000000, 0x0000000100000000, 0x0000000100000000)
  eden space 340992K, 0% used [0x00000000e0000000,0x00000000e0000000,0x00000000f4d00000)
  from space 68608K, 99% used [0x00000000fad00000,0x00000000feffea60,0x00000000ff000000)
  to   space 91648K, 0% used [0x00000000f4d00000,0x00000000f4d00000,0x00000000fa680000)
 ParOldGen       total 273920K, used 261972K [0x00000000a0000000, 0x00000000b0b80000, 0x00000000e0000000)
  object space 273920K, 95% used [0x00000000a0000000,0x00000000affd5200,0x00000000b0b80000)
 Metaspace       used 99342K, capacity 106996K, committed 107312K, reserved 1142784K
  class space    used 12727K, capacity 14019K, committed 14128K, reserved 1048576K

