# JRE version: OpenJDK Runtime Environment (8.0_242-b01) (build 1.8.0_242-release-1644-b01)
# Java VM: OpenJDK 64-Bit Server VM (25.242-b01 mixed mode windows-amd64 compressed oops)
Heap:
 PSYoungGen      total 414208K, used 14863K [0x00000000e0000000, 0x0000000100000000, 0x0000000100000000)
  eden space 304128K, 0% used [0x00000000e0000000,0x00000000e0000000,0x00000000f2900000)
  from space 110080K, 13% used [0x00000000f2900000,0x00000000f3783cc8,0x00000000f9480000)
  to   space 109056K, 0% used [0x00000000f9580000,0x00000000f9580000,0x0000000100000000)
 ParOldGen       total 220672K, used 197372K [0x00000000a0000000, 0x00000000ad780000, 0x00000000e0000000)
  object space 220672K, 89% used [0x00000000a0000000,0x00000000ac0bf0a0,0x00000000ad780000)
 Metaspace       used 99878K, capacity 105544K, committed 105776K, reserved 1140736K
  class space    used 12727K, capacity 13783K, committed 13872K, reserved 1048576K
GC Heap History (10 events):
Event: 1880.578 GC heap after
Heap after GC invocations=36 (full 5):
 PSYoungGen      total 331264K, used 0K [0x00000000e0000000, 0x00000000fbf80000, 0x0000000100000000)
  eden space 248320K, 0% used [0x00000000e0000000,0x00000000e0000000,0x00000000ef280000)
  from space 82944K, 0% used [0x00000000ef280000,0x00000000ef280000,0x00000000f4380000)
  to   space 81408K, 0% used [0x00000000f7000000,0x00000000f7000000,0x00000000fbf80000)
 ParOldGen       total 220672K, used 90147K [0x00000000a0000000, 0x00000000ad780000, 0x00000000e0000000)
  object space 220672K, 40% used [0x00000000a0000000,0x00000000a5808df8,0x00000000ad780000)
 Metaspace       used 98358K, capacity 103650K, committed 103984K, reserved 1140736K
  class space    used 12526K, capacity 13536K, committed 13616K, reserved 1048576K
}
Event: 1883.731 GC heap before
{Heap before GC invocations=37 (full 5):
 PSYoungGen      total 331264K, used 248320K [0x00000000e0000000, 0x00000000fbf80000, 0x0000000100000000)
  eden space 248320K, 100% used [0x00000000e0000000,0x00000000ef280000,0x00000000ef280000)
  from space 82944K, 0% used [0x00000000ef280000,0x00000000ef280000,0x00000000f4380000)
  to   space 81408K, 0% used [0x00000000f7000000,0x00000000f7000000,0x00000000fbf80000)
 ParOldGen       total 220672K, used 90147K [0x00000000a0000000, 0x00000000ad780000, 0x00000000e0000000)
  object space 220672K, 40% used [0x00000000a0000000,0x00000000a5808df8,0x00000000ad780000)
 Metaspace       used 99017K, capacity 104378K, committed 104624K, reserved 1140736K
  class space    used 12620K, capacity 13654K, committed 13744K, reserved 1048576K
Event: 1883.811 GC heap after
Heap after GC invocations=37 (full 5):
 PSYoungGen      total 376832K, used 41883K [0x00000000e0000000, 0x00000000fbd80000, 0x0000000100000000)
  eden space 297472K, 0% used [0x00000000e0000000,0x00000000e0000000,0x00000000f2280000)
  from space 79360K, 52% used [0x00000000f7000000,0x00000000f98e6c08,0x00000000fbd80000)
  to   space 79360K, 0% used [0x00000000f2280000,0x00000000f2280000,0x00000000f7000000)
 ParOldGen       total 220672K, used 90155K [0x00000000a0000000, 0x00000000ad780000, 0x00000000e0000000)
  object space 220672K, 40% used [0x00000000a0000000,0x00000000a580adf8,0x00000000ad780000)
 Metaspace       used 99017K, capacity 104378K, committed 104624K, reserved 1140736K
  class space    used 12620K, capacity 13654K, committed 13744K, reserved 1048576K
}
Event: 1885.129 GC heap before
{Heap before GC invocations=38 (full 5):
 PSYoungGen      total 376832K, used 339355K [0x00000000e0000000, 0x00000000fbd80000, 0x0000000100000000)
  eden space 297472K, 100% used [0x00000000e0000000,0x00000000f2280000,0x00000000f2280000)
  from space 79360K, 52% used [0x00000000f7000000,0x00000000f98e6c08,0x00000000fbd80000)
  to   space 79360K, 0% used [0x00000000f2280000,0x00000000f2280000,0x00000000f7000000)
 ParOldGen       total 220672K, used 90155K [0x00000000a0000000, 0x00000000ad780000, 0x00000000e0000000)
  object space 220672K, 40% used [0x00000000a0000000,0x00000000a580adf8,0x00000000ad780000)
 Metaspace       used 99059K, capacity 104460K, committed 104624K, reserved 1140736K
  class space    used 12623K, capacity 13657K, committed 13744K, reserved 1048576K
Event: 1885.266 GC heap after
Heap after GC invocations=38 (full 5):
 PSYoungGen      total 376832K, used 75166K [0x00000000e0000000, 0x0000000100000000, 0x0000000100000000)
  eden space 297472K, 0% used [0x00000000e0000000,0x00000000e0000000,0x00000000f2280000)
  from space 79360K, 94% used [0x00000000f2280000,0x00000000f6be7838,0x00000000f7000000)
  to   space 89600K, 0% used [0x00000000fa880000,0x00000000fa880000,0x0000000100000000)
 ParOldGen       total 220672K, used 90155K [0x00000000a0000000, 0x00000000ad780000, 0x00000000e0000000)
  object space 220672K, 40% used [0x00000000a0000000,0x00000000a580adf8,0x00000000ad780000)
 Metaspace       used 99059K, capacity 104460K, committed 104624K, reserved 1140736K
  class space    used 12623K, capacity 13657K, committed 13744K, reserved 1048576K
}
Event: 1887.225 GC heap before
{Heap before GC invocations=39 (full 5):
 PSYoungGen      total 376832K, used 372638K [0x00000000e0000000, 0x0000000100000000, 0x0000000100000000)
  eden space 297472K, 100% used [0x00000000e0000000,0x00000000f2280000,0x00000000f2280000)
  from space 79360K, 94% used [0x00000000f2280000,0x00000000f6be7838,0x00000000f7000000)
  to   space 89600K, 0% used [0x00000000fa880000,0x00000000fa880000,0x0000000100000000)
 ParOldGen       total 220672K, used 90155K [0x00000000a0000000, 0x00000000ad780000, 0x00000000e0000000)
  object space 220672K, 40% used [0x00000000a0000000,0x00000000a580adf8,0x00000000ad780000)
 Metaspace       used 99111K, capacity 104540K, committed 104880K, reserved 1140736K
  class space    used 12626K, capacity 13659K, committed 13744K, reserved 1048576K
Event: 1887.392 GC heap after
Heap after GC invocations=39 (full 5):
 PSYoungGen      total 393728K, used 89590K [0x00000000e0000000, 0x0000000100000000, 0x0000000100000000)
  eden space 304128K, 0% used [0x00000000e0000000,0x00000000e0000000,0x00000000f2900000)
  from space 89600K, 99% used [0x00000000fa880000,0x00000000ffffdad0,0x0000000100000000)
  to   space 110080K, 0% used [0x00000000f2900000,0x00000000f2900000,0x00000000f9480000)
 ParOldGen       total 220672K, used 109385K [0x00000000a0000000, 0x00000000ad780000, 0x00000000e0000000)
  object space 220672K, 49% used [0x00000000a0000000,0x00000000a6ad27a8,0x00000000ad780000)
 Metaspace       used 99111K, capacity 104540K, committed 104880K, reserved 1140736K
  class space    used 12626K, capacity 13659K, committed 13744K, reserved 1048576K
}
Event: 1889.134 GC heap before
{Heap before GC invocations=40 (full 5):
 PSYoungGen      total 393728K, used 393718K [0x00000000e0000000, 0x0000000100000000, 0x0000000100000000)
  eden space 304128K, 100% used [0x00000000e0000000,0x00000000f2900000,0x00000000f2900000)
  from space 89600K, 99% used [0x00000000fa880000,0x00000000ffffdad0,0x0000000100000000)
  to   space 110080K, 0% used [0x00000000f2900000,0x00000000f2900000,0x00000000f9480000)
 ParOldGen       total 220672K, used 109385K [0x00000000a0000000, 0x00000000ad780000, 0x00000000e0000000)
  object space 220672K, 49% used [0x00000000a0000000,0x00000000a6ad27a8,0x00000000ad780000)
 Metaspace       used 99878K, capacity 105544K, committed 105776K, reserved 1140736K
  class space    used 12727K, capacity 13783K, committed 13872K, reserved 1048576K
Event: 1889.339 GC heap after
Heap after GC invocations=40 (full 5):
 PSYoungGen      total 414208K, used 14863K [0x00000000e0000000, 0x0000000100000000, 0x0000000100000000)
  eden space 304128K, 0% used [0x00000000e0000000,0x00000000e0000000,0x00000000f2900000)
  from space 110080K, 13% used [0x00000000f2900000,0x00000000f3783cc8,0x00000000f9480000)
  to   space 109056K, 0% used [0x00000000f9580000,0x00000000f9580000,0x0000000100000000)
 ParOldGen       total 220672K, used 197372K [0x00000000a0000000, 0x00000000ad780000, 0x00000000e0000000)
  object space 220672K, 89% used [0x00000000a0000000,0x00000000ac0bf0a0,0x00000000ad780000)
 Metaspace       used 99878K, capacity 105544K, committed 105776K, reserved 1140736K
  class space    used 12727K, capacity 13783K, committed 13872K, reserved 1048576K
}
Event: 1889.339 GC heap before
{Heap before GC invocations=41 (full 6):
 PSYoungGen      total 414208K, used 14863K [0x00000000e0000000, 0x0000000100000000, 0x0000000100000000)
  eden space 304128K, 0% used [0x00000000e0000000,0x00000000e0000000,0x00000000f2900000)
  from space 110080K, 13% used [0x00000000f2900000,0x00000000f3783cc8,0x00000000f9480000)
  to   space 109056K, 0% used [0x00000000f9580000,0x00000000f9580000,0x0000000100000000)
 ParOldGen       total 220672K, used 197372K [0x00000000a0000000, 0x00000000ad780000, 0x00000000e0000000)
  object space 220672K, 89% used [0x00000000a0000000,0x00000000ac0bf0a0,0x00000000ad780000)
 Metaspace       used 99878K, capacity 105544K, committed 105776K, reserved 1140736K
  class space    used 12727K, capacity 13783K, committed 13872K, reserved 1048576K

